0 info it worked if it ends with ok
1 verbose cli [ 'G:\\dev\\nodejs\\node.exe',
1 verbose cli   'G:\\dev\\nvm\\npm\\node_modules\\npm\\bin\\npm-cli.js',
1 verbose cli   'install',
1 verbose cli   'express' ]
2 info using npm@3.10.7
3 info using node@v8.5.0
4 silly loadCurrentTree Starting
5 silly install loadCurrentTree
6 silly install readLocalPackageData
7 silly fetchPackageMetaData express@~4.15.5
8 silly fetchNamedPackageData express
9 silly mapToRegistry name express
10 silly mapToRegistry using default registry
11 silly mapToRegistry registry https://registry.npm.taobao.org/
12 silly mapToRegistry data Result {
12 silly mapToRegistry   raw: 'express',
12 silly mapToRegistry   scope: null,
12 silly mapToRegistry   escapedName: 'express',
12 silly mapToRegistry   name: 'express',
12 silly mapToRegistry   rawSpec: '',
12 silly mapToRegistry   spec: 'latest',
12 silly mapToRegistry   type: 'tag' }
13 silly mapToRegistry uri https://registry.npm.taobao.org/express
14 verbose request uri https://registry.npm.taobao.org/express
15 verbose request no auth needed
16 info attempt registry request try #1 at 19:09:41
17 verbose request id fa0432543a2d6f71
18 verbose etag "9daff-zEa+xpSJTEoAtMu95M0COGpyGuo"
19 http request GET https://registry.npm.taobao.org/express
20 info retry will retry, error on last attempt: Error: connect ETIMEDOUT 114.55.80.225:443
21 info attempt registry request try #2 at 19:10:13
22 verbose etag "9daff-zEa+xpSJTEoAtMu95M0COGpyGuo"
23 http request GET https://registry.npm.taobao.org/express
24 http 304 https://registry.npm.taobao.org/express
25 verbose headers { date: 'Wed, 29 Nov 2017 11:10:17 GMT',
25 verbose headers   connection: 'keep-alive',
25 verbose headers   'x-current-requests': '1',
25 verbose headers   etag: '"9daff-zEa+xpSJTEoAtMu95M0COGpyGuo"',
25 verbose headers   'x-readtime': '130' }
26 silly get cb [ 304,
26 silly get   { date: 'Wed, 29 Nov 2017 11:10:17 GMT',
26 silly get     connection: 'keep-alive',
26 silly get     'x-current-requests': '1',
26 silly get     etag: '"9daff-zEa+xpSJTEoAtMu95M0COGpyGuo"',
26 silly get     'x-readtime': '130' } ]
27 verbose etag https://registry.npm.taobao.org/express from cache
28 verbose get saving express to G:\dev\nvm\npm-cache\registry.npm.taobao.org\express\.cache.json
29 verbose correctMkdir G:\dev\nvm\npm-cache correctMkdir not in flight; initializing
30 silly install normalizeTree
31 silly loadCurrentTree Finishing
32 silly loadIdealTree Starting
33 silly install loadIdealTree
34 silly cloneCurrentTree Starting
35 silly install cloneCurrentTreeToIdealTree
36 silly cloneCurrentTree Finishing
37 silly loadShrinkwrap Starting
38 silly install loadShrinkwrap
39 silly loadShrinkwrap Finishing
40 silly loadAllDepsIntoIdealTree Starting
41 silly install loadAllDepsIntoIdealTree
42 silly resolveWithNewModule express@4.15.5 checking installable status
43 silly cache add args [ 'express@~4.15.5', null ]
44 verbose cache add spec express@~4.15.5
45 silly cache add parsed spec Result {
45 silly cache add   raw: 'express@~4.15.5',
45 silly cache add   scope: null,
45 silly cache add   escapedName: 'express',
45 silly cache add   name: 'express',
45 silly cache add   rawSpec: '~4.15.5',
45 silly cache add   spec: '>=4.15.5 <4.16.0',
45 silly cache add   type: 'range' }
46 silly addNamed express@>=4.15.5 <4.16.0
47 verbose addNamed ">=4.15.5 <4.16.0" is a valid semver range for express
48 silly addNameRange { name: 'express', range: '>=4.15.5 <4.16.0', hasData: false }
49 silly mapToRegistry name express
50 silly mapToRegistry using default registry
51 silly mapToRegistry registry https://registry.npm.taobao.org/
52 silly mapToRegistry data Result {
52 silly mapToRegistry   raw: 'express',
52 silly mapToRegistry   scope: null,
52 silly mapToRegistry   escapedName: 'express',
52 silly mapToRegistry   name: 'express',
52 silly mapToRegistry   rawSpec: '',
52 silly mapToRegistry   spec: 'latest',
52 silly mapToRegistry   type: 'tag' }
53 silly mapToRegistry uri https://registry.npm.taobao.org/express
54 verbose addNameRange registry:https://registry.npm.taobao.org/express not in flight; fetching
55 verbose get https://registry.npm.taobao.org/express not expired, no request
56 silly addNameRange number 2 { name: 'express', range: '>=4.15.5 <4.16.0', hasData: true }
57 silly addNameRange versions [ 'express',
57 silly addNameRange   [ '4.16.2',
57 silly addNameRange     '4.16.1',
57 silly addNameRange     '4.16.0',
57 silly addNameRange     '5.0.0-alpha.6',
57 silly addNameRange     '4.15.5',
57 silly addNameRange     '4.15.4',
57 silly addNameRange     '4.15.3',
57 silly addNameRange     '5.0.0-alpha.5',
57 silly addNameRange     '4.15.2',
57 silly addNameRange     '4.15.1',
57 silly addNameRange     '5.0.0-alpha.4',
57 silly addNameRange     '4.15.0',
57 silly addNameRange     '5.0.0-alpha.3',
57 silly addNameRange     '4.14.1',
57 silly addNameRange     '4.14.0',
57 silly addNameRange     '4.13.4',
57 silly addNameRange     '4.13.3',
57 silly addNameRange     '4.13.2',
57 silly addNameRange     '3.21.2',
57 silly addNameRange     '5.0.0-alpha.2',
57 silly addNameRange     '4.13.1',
57 silly addNameRange     '3.21.1',
57 silly addNameRange     '4.13.0',
57 silly addNameRange     '3.21.0',
57 silly addNameRange     '4.12.4',
57 silly addNameRange     '3.20.3',
57 silly addNameRange     '4.12.3',
57 silly addNameRange     '3.20.2',
57 silly addNameRange     '4.12.2',
57 silly addNameRange     '4.12.1',
57 silly addNameRange     '3.20.1',
57 silly addNameRange     '4.12.0',
57 silly addNameRange     '3.20.0',
57 silly addNameRange     '4.11.2',
57 silly addNameRange     '3.19.2',
57 silly addNameRange     '4.11.1',
57 silly addNameRange     '3.19.1',
57 silly addNameRange     '4.11.0',
57 silly addNameRange     '4.10.8',
57 silly addNameRange     '3.19.0',
57 silly addNameRange     '4.10.7',
57 silly addNameRange     '4.10.6',
57 silly addNameRange     '3.18.6',
57 silly addNameRange     '3.18.5',
57 silly addNameRange     '4.10.5',
57 silly addNameRange     '4.10.4',
57 silly addNameRange     '4.10.3',
57 silly addNameRange     '3.18.4',
57 silly addNameRange     '4.10.2',
57 silly addNameRange     '3.18.3',
57 silly addNameRange     '5.0.0-alpha.1',
57 silly addNameRange     '4.10.1',
57 silly addNameRange     '3.18.2',
57 silly addNameRange     '4.10.0',
57 silly addNameRange     '3.18.1',
57 silly addNameRange     '3.18.0',
57 silly addNameRange     '4.9.8',
57 silly addNameRange     '3.17.8',
57 silly addNameRange     '4.9.7',
57 silly addNameRange     '4.9.6',
57 silly addNameRange     '3.17.7',
57 silly addNameRange     '3.17.6',
57 silly addNameRange     '4.9.5',
57 silly addNameRange     '3.17.5',
57 silly addNameRange     '4.9.4',
57 silly addNameRange     '3.17.4',
57 silly addNameRange     '4.9.3',
57 silly addNameRange     '3.17.3',
57 silly addNameRange     '4.9.2',
57 silly addNameRange     '4.9.1',
57 silly addNameRange     '3.17.2',
57 silly addNameRange     '4.9.0',
57 silly addNameRange     '3.17.1',
57 silly addNameRange     '3.17.0',
57 silly addNameRange     '4.8.8',
57 silly addNameRange     '3.16.10',
57 silly addNameRange     '4.8.7',
57 silly addNameRange     '3.16.9',
57 silly addNameRange     '4.8.6',
57 silly addNameRange     '3.16.8',
57 silly addNameRange     '4.8.5',
57 silly addNameRange     '3.16.7',
57 silly addNameRange     '4.8.4',
57 silly addNameRange     '3.16.6',
57 silly addNameRange     '3.16.5',
57 silly addNameRange     '4.8.3',
57 silly addNameRange     '3.16.4',
57 silly addNameRange     '3.16.3',
57 silly addNameRange     '4.8.2',
57 silly addNameRange     '3.16.2',
57 silly addNameRange     '4.8.1',
57 silly addNameRange     '3.16.1',
57 silly addNameRange     '4.8.0',
57 silly addNameRange     '3.16.0',
57 silly addNameRange     '4.7.4',
57 silly addNameRange     '3.15.3',
57 silly addNameRange     '4.7.3',
57 silly addNameRange     '4.7.2',
57 silly addNameRange     '3.15.2',
57 silly addNameRange     '4.7.1',
57 silly addNameRange     ... 158 more items ] ]
58 silly addNamed express@4.15.5
59 verbose addNamed "4.15.5" is a plain semver version for express
60 silly cache afterAdd express@4.15.5
61 verbose afterAdd G:\dev\nvm\npm-cache\express\4.15.5\package\package.json not in flight; writing
62 verbose correctMkdir G:\dev\nvm\npm-cache correctMkdir not in flight; initializing
63 verbose afterAdd G:\dev\nvm\npm-cache\express\4.15.5\package\package.json written
64 silly fetchNamedPackageData accepts
65 silly mapToRegistry name accepts
66 silly mapToRegistry using default registry
67 silly mapToRegistry registry https://registry.npm.taobao.org/
68 silly mapToRegistry data Result {
68 silly mapToRegistry   raw: 'accepts',
68 silly mapToRegistry   scope: null,
68 silly mapToRegistry   escapedName: 'accepts',
68 silly mapToRegistry   name: 'accepts',
68 silly mapToRegistry   rawSpec: '',
68 silly mapToRegistry   spec: 'latest',
68 silly mapToRegistry   type: 'tag' }
69 silly mapToRegistry uri https://registry.npm.taobao.org/accepts
70 silly fetchNamedPackageData array-flatten
71 silly mapToRegistry name array-flatten
72 silly mapToRegistry using default registry
73 silly mapToRegistry registry https://registry.npm.taobao.org/
74 silly mapToRegistry data Result {
74 silly mapToRegistry   raw: 'array-flatten',
74 silly mapToRegistry   scope: null,
74 silly mapToRegistry   escapedName: 'array-flatten',
74 silly mapToRegistry   name: 'array-flatten',
74 silly mapToRegistry   rawSpec: '',
74 silly mapToRegistry   spec: 'latest',
74 silly mapToRegistry   type: 'tag' }
75 silly mapToRegistry uri https://registry.npm.taobao.org/array-flatten
76 silly fetchNamedPackageData content-disposition
77 silly mapToRegistry name content-disposition
78 silly mapToRegistry using default registry
79 silly mapToRegistry registry https://registry.npm.taobao.org/
80 silly mapToRegistry data Result {
80 silly mapToRegistry   raw: 'content-disposition',
80 silly mapToRegistry   scope: null,
80 silly mapToRegistry   escapedName: 'content-disposition',
80 silly mapToRegistry   name: 'content-disposition',
80 silly mapToRegistry   rawSpec: '',
80 silly mapToRegistry   spec: 'latest',
80 silly mapToRegistry   type: 'tag' }
81 silly mapToRegistry uri https://registry.npm.taobao.org/content-disposition
82 silly fetchNamedPackageData content-type
83 silly mapToRegistry name content-type
84 silly mapToRegistry using default registry
85 silly mapToRegistry registry https://registry.npm.taobao.org/
86 silly mapToRegistry data Result {
86 silly mapToRegistry   raw: 'content-type',
86 silly mapToRegistry   scope: null,
86 silly mapToRegistry   escapedName: 'content-type',
86 silly mapToRegistry   name: 'content-type',
86 silly mapToRegistry   rawSpec: '',
86 silly mapToRegistry   spec: 'latest',
86 silly mapToRegistry   type: 'tag' }
87 silly mapToRegistry uri https://registry.npm.taobao.org/content-type
88 silly fetchNamedPackageData cookie
89 silly mapToRegistry name cookie
90 silly mapToRegistry using default registry
91 silly mapToRegistry registry https://registry.npm.taobao.org/
92 silly mapToRegistry data Result {
92 silly mapToRegistry   raw: 'cookie',
92 silly mapToRegistry   scope: null,
92 silly mapToRegistry   escapedName: 'cookie',
92 silly mapToRegistry   name: 'cookie',
92 silly mapToRegistry   rawSpec: '',
92 silly mapToRegistry   spec: 'latest',
92 silly mapToRegistry   type: 'tag' }
93 silly mapToRegistry uri https://registry.npm.taobao.org/cookie
94 silly fetchNamedPackageData cookie-signature
95 silly mapToRegistry name cookie-signature
96 silly mapToRegistry using default registry
97 silly mapToRegistry registry https://registry.npm.taobao.org/
98 silly mapToRegistry data Result {
98 silly mapToRegistry   raw: 'cookie-signature',
98 silly mapToRegistry   scope: null,
98 silly mapToRegistry   escapedName: 'cookie-signature',
98 silly mapToRegistry   name: 'cookie-signature',
98 silly mapToRegistry   rawSpec: '',
98 silly mapToRegistry   spec: 'latest',
98 silly mapToRegistry   type: 'tag' }
99 silly mapToRegistry uri https://registry.npm.taobao.org/cookie-signature
100 silly fetchNamedPackageData debug
101 silly mapToRegistry name debug
102 silly mapToRegistry using default registry
103 silly mapToRegistry registry https://registry.npm.taobao.org/
104 silly mapToRegistry data Result {
104 silly mapToRegistry   raw: 'debug',
104 silly mapToRegistry   scope: null,
104 silly mapToRegistry   escapedName: 'debug',
104 silly mapToRegistry   name: 'debug',
104 silly mapToRegistry   rawSpec: '',
104 silly mapToRegistry   spec: 'latest',
104 silly mapToRegistry   type: 'tag' }
105 silly mapToRegistry uri https://registry.npm.taobao.org/debug
106 silly fetchNamedPackageData depd
107 silly mapToRegistry name depd
108 silly mapToRegistry using default registry
109 silly mapToRegistry registry https://registry.npm.taobao.org/
110 silly mapToRegistry data Result {
110 silly mapToRegistry   raw: 'depd',
110 silly mapToRegistry   scope: null,
110 silly mapToRegistry   escapedName: 'depd',
110 silly mapToRegistry   name: 'depd',
110 silly mapToRegistry   rawSpec: '',
110 silly mapToRegistry   spec: 'latest',
110 silly mapToRegistry   type: 'tag' }
111 silly mapToRegistry uri https://registry.npm.taobao.org/depd
112 silly fetchNamedPackageData encodeurl
113 silly mapToRegistry name encodeurl
114 silly mapToRegistry using default registry
115 silly mapToRegistry registry https://registry.npm.taobao.org/
116 silly mapToRegistry data Result {
116 silly mapToRegistry   raw: 'encodeurl',
116 silly mapToRegistry   scope: null,
116 silly mapToRegistry   escapedName: 'encodeurl',
116 silly mapToRegistry   name: 'encodeurl',
116 silly mapToRegistry   rawSpec: '',
116 silly mapToRegistry   spec: 'latest',
116 silly mapToRegistry   type: 'tag' }
117 silly mapToRegistry uri https://registry.npm.taobao.org/encodeurl
118 silly fetchNamedPackageData escape-html
119 silly mapToRegistry name escape-html
120 silly mapToRegistry using default registry
121 silly mapToRegistry registry https://registry.npm.taobao.org/
122 silly mapToRegistry data Result {
122 silly mapToRegistry   raw: 'escape-html',
122 silly mapToRegistry   scope: null,
122 silly mapToRegistry   escapedName: 'escape-html',
122 silly mapToRegistry   name: 'escape-html',
122 silly mapToRegistry   rawSpec: '',
122 silly mapToRegistry   spec: 'latest',
122 silly mapToRegistry   type: 'tag' }
123 silly mapToRegistry uri https://registry.npm.taobao.org/escape-html
124 silly fetchNamedPackageData etag
125 silly mapToRegistry name etag
126 silly mapToRegistry using default registry
127 silly mapToRegistry registry https://registry.npm.taobao.org/
128 silly mapToRegistry data Result {
128 silly mapToRegistry   raw: 'etag',
128 silly mapToRegistry   scope: null,
128 silly mapToRegistry   escapedName: 'etag',
128 silly mapToRegistry   name: 'etag',
128 silly mapToRegistry   rawSpec: '',
128 silly mapToRegistry   spec: 'latest',
128 silly mapToRegistry   type: 'tag' }
129 silly mapToRegistry uri https://registry.npm.taobao.org/etag
130 silly fetchNamedPackageData finalhandler
131 silly mapToRegistry name finalhandler
132 silly mapToRegistry using default registry
133 silly mapToRegistry registry https://registry.npm.taobao.org/
134 silly mapToRegistry data Result {
134 silly mapToRegistry   raw: 'finalhandler',
134 silly mapToRegistry   scope: null,
134 silly mapToRegistry   escapedName: 'finalhandler',
134 silly mapToRegistry   name: 'finalhandler',
134 silly mapToRegistry   rawSpec: '',
134 silly mapToRegistry   spec: 'latest',
134 silly mapToRegistry   type: 'tag' }
135 silly mapToRegistry uri https://registry.npm.taobao.org/finalhandler
136 silly fetchNamedPackageData fresh
137 silly mapToRegistry name fresh
138 silly mapToRegistry using default registry
139 silly mapToRegistry registry https://registry.npm.taobao.org/
140 silly mapToRegistry data Result {
140 silly mapToRegistry   raw: 'fresh',
140 silly mapToRegistry   scope: null,
140 silly mapToRegistry   escapedName: 'fresh',
140 silly mapToRegistry   name: 'fresh',
140 silly mapToRegistry   rawSpec: '',
140 silly mapToRegistry   spec: 'latest',
140 silly mapToRegistry   type: 'tag' }
141 silly mapToRegistry uri https://registry.npm.taobao.org/fresh
142 silly fetchNamedPackageData merge-descriptors
143 silly mapToRegistry name merge-descriptors
144 silly mapToRegistry using default registry
145 silly mapToRegistry registry https://registry.npm.taobao.org/
146 silly mapToRegistry data Result {
146 silly mapToRegistry   raw: 'merge-descriptors',
146 silly mapToRegistry   scope: null,
146 silly mapToRegistry   escapedName: 'merge-descriptors',
146 silly mapToRegistry   name: 'merge-descriptors',
146 silly mapToRegistry   rawSpec: '',
146 silly mapToRegistry   spec: 'latest',
146 silly mapToRegistry   type: 'tag' }
147 silly mapToRegistry uri https://registry.npm.taobao.org/merge-descriptors
148 silly fetchNamedPackageData methods
149 silly mapToRegistry name methods
150 silly mapToRegistry using default registry
151 silly mapToRegistry registry https://registry.npm.taobao.org/
152 silly mapToRegistry data Result {
152 silly mapToRegistry   raw: 'methods',
152 silly mapToRegistry   scope: null,
152 silly mapToRegistry   escapedName: 'methods',
152 silly mapToRegistry   name: 'methods',
152 silly mapToRegistry   rawSpec: '',
152 silly mapToRegistry   spec: 'latest',
152 silly mapToRegistry   type: 'tag' }
153 silly mapToRegistry uri https://registry.npm.taobao.org/methods
154 silly fetchNamedPackageData on-finished
155 silly mapToRegistry name on-finished
156 silly mapToRegistry using default registry
157 silly mapToRegistry registry https://registry.npm.taobao.org/
158 silly mapToRegistry data Result {
158 silly mapToRegistry   raw: 'on-finished',
158 silly mapToRegistry   scope: null,
158 silly mapToRegistry   escapedName: 'on-finished',
158 silly mapToRegistry   name: 'on-finished',
158 silly mapToRegistry   rawSpec: '',
158 silly mapToRegistry   spec: 'latest',
158 silly mapToRegistry   type: 'tag' }
159 silly mapToRegistry uri https://registry.npm.taobao.org/on-finished
160 silly fetchNamedPackageData parseurl
161 silly mapToRegistry name parseurl
162 silly mapToRegistry using default registry
163 silly mapToRegistry registry https://registry.npm.taobao.org/
164 silly mapToRegistry data Result {
164 silly mapToRegistry   raw: 'parseurl',
164 silly mapToRegistry   scope: null,
164 silly mapToRegistry   escapedName: 'parseurl',
164 silly mapToRegistry   name: 'parseurl',
164 silly mapToRegistry   rawSpec: '',
164 silly mapToRegistry   spec: 'latest',
164 silly mapToRegistry   type: 'tag' }
165 silly mapToRegistry uri https://registry.npm.taobao.org/parseurl
166 silly fetchNamedPackageData path-to-regexp
167 silly mapToRegistry name path-to-regexp
168 silly mapToRegistry using default registry
169 silly mapToRegistry registry https://registry.npm.taobao.org/
170 silly mapToRegistry data Result {
170 silly mapToRegistry   raw: 'path-to-regexp',
170 silly mapToRegistry   scope: null,
170 silly mapToRegistry   escapedName: 'path-to-regexp',
170 silly mapToRegistry   name: 'path-to-regexp',
170 silly mapToRegistry   rawSpec: '',
170 silly mapToRegistry   spec: 'latest',
170 silly mapToRegistry   type: 'tag' }
171 silly mapToRegistry uri https://registry.npm.taobao.org/path-to-regexp
172 silly fetchNamedPackageData proxy-addr
173 silly mapToRegistry name proxy-addr
174 silly mapToRegistry using default registry
175 silly mapToRegistry registry https://registry.npm.taobao.org/
176 silly mapToRegistry data Result {
176 silly mapToRegistry   raw: 'proxy-addr',
176 silly mapToRegistry   scope: null,
176 silly mapToRegistry   escapedName: 'proxy-addr',
176 silly mapToRegistry   name: 'proxy-addr',
176 silly mapToRegistry   rawSpec: '',
176 silly mapToRegistry   spec: 'latest',
176 silly mapToRegistry   type: 'tag' }
177 silly mapToRegistry uri https://registry.npm.taobao.org/proxy-addr
178 silly fetchNamedPackageData qs
179 silly mapToRegistry name qs
180 silly mapToRegistry using default registry
181 silly mapToRegistry registry https://registry.npm.taobao.org/
182 silly mapToRegistry data Result {
182 silly mapToRegistry   raw: 'qs',
182 silly mapToRegistry   scope: null,
182 silly mapToRegistry   escapedName: 'qs',
182 silly mapToRegistry   name: 'qs',
182 silly mapToRegistry   rawSpec: '',
182 silly mapToRegistry   spec: 'latest',
182 silly mapToRegistry   type: 'tag' }
183 silly mapToRegistry uri https://registry.npm.taobao.org/qs
184 silly fetchNamedPackageData range-parser
185 silly mapToRegistry name range-parser
186 silly mapToRegistry using default registry
187 silly mapToRegistry registry https://registry.npm.taobao.org/
188 silly mapToRegistry data Result {
188 silly mapToRegistry   raw: 'range-parser',
188 silly mapToRegistry   scope: null,
188 silly mapToRegistry   escapedName: 'range-parser',
188 silly mapToRegistry   name: 'range-parser',
188 silly mapToRegistry   rawSpec: '',
188 silly mapToRegistry   spec: 'latest',
188 silly mapToRegistry   type: 'tag' }
189 silly mapToRegistry uri https://registry.npm.taobao.org/range-parser
190 silly fetchNamedPackageData send
191 silly mapToRegistry name send
192 silly mapToRegistry using default registry
193 silly mapToRegistry registry https://registry.npm.taobao.org/
194 silly mapToRegistry data Result {
194 silly mapToRegistry   raw: 'send',
194 silly mapToRegistry   scope: null,
194 silly mapToRegistry   escapedName: 'send',
194 silly mapToRegistry   name: 'send',
194 silly mapToRegistry   rawSpec: '',
194 silly mapToRegistry   spec: 'latest',
194 silly mapToRegistry   type: 'tag' }
195 silly mapToRegistry uri https://registry.npm.taobao.org/send
196 silly fetchNamedPackageData serve-static
197 silly mapToRegistry name serve-static
198 silly mapToRegistry using default registry
199 silly mapToRegistry registry https://registry.npm.taobao.org/
200 silly mapToRegistry data Result {
200 silly mapToRegistry   raw: 'serve-static',
200 silly mapToRegistry   scope: null,
200 silly mapToRegistry   escapedName: 'serve-static',
200 silly mapToRegistry   name: 'serve-static',
200 silly mapToRegistry   rawSpec: '',
200 silly mapToRegistry   spec: 'latest',
200 silly mapToRegistry   type: 'tag' }
201 silly mapToRegistry uri https://registry.npm.taobao.org/serve-static
202 silly fetchNamedPackageData setprototypeof
203 silly mapToRegistry name setprototypeof
204 silly mapToRegistry using default registry
205 silly mapToRegistry registry https://registry.npm.taobao.org/
206 silly mapToRegistry data Result {
206 silly mapToRegistry   raw: 'setprototypeof',
206 silly mapToRegistry   scope: null,
206 silly mapToRegistry   escapedName: 'setprototypeof',
206 silly mapToRegistry   name: 'setprototypeof',
206 silly mapToRegistry   rawSpec: '',
206 silly mapToRegistry   spec: 'latest',
206 silly mapToRegistry   type: 'tag' }
207 silly mapToRegistry uri https://registry.npm.taobao.org/setprototypeof
208 silly fetchNamedPackageData statuses
209 silly mapToRegistry name statuses
210 silly mapToRegistry using default registry
211 silly mapToRegistry registry https://registry.npm.taobao.org/
212 silly mapToRegistry data Result {
212 silly mapToRegistry   raw: 'statuses',
212 silly mapToRegistry   scope: null,
212 silly mapToRegistry   escapedName: 'statuses',
212 silly mapToRegistry   name: 'statuses',
212 silly mapToRegistry   rawSpec: '',
212 silly mapToRegistry   spec: 'latest',
212 silly mapToRegistry   type: 'tag' }
213 silly mapToRegistry uri https://registry.npm.taobao.org/statuses
214 silly fetchNamedPackageData type-is
215 silly mapToRegistry name type-is
216 silly mapToRegistry using default registry
217 silly mapToRegistry registry https://registry.npm.taobao.org/
218 silly mapToRegistry data Result {
218 silly mapToRegistry   raw: 'type-is',
218 silly mapToRegistry   scope: null,
218 silly mapToRegistry   escapedName: 'type-is',
218 silly mapToRegistry   name: 'type-is',
218 silly mapToRegistry   rawSpec: '',
218 silly mapToRegistry   spec: 'latest',
218 silly mapToRegistry   type: 'tag' }
219 silly mapToRegistry uri https://registry.npm.taobao.org/type-is
220 silly fetchNamedPackageData utils-merge
221 silly mapToRegistry name utils-merge
222 silly mapToRegistry using default registry
223 silly mapToRegistry registry https://registry.npm.taobao.org/
224 silly mapToRegistry data Result {
224 silly mapToRegistry   raw: 'utils-merge',
224 silly mapToRegistry   scope: null,
224 silly mapToRegistry   escapedName: 'utils-merge',
224 silly mapToRegistry   name: 'utils-merge',
224 silly mapToRegistry   rawSpec: '',
224 silly mapToRegistry   spec: 'latest',
224 silly mapToRegistry   type: 'tag' }
225 silly mapToRegistry uri https://registry.npm.taobao.org/utils-merge
226 silly fetchNamedPackageData vary
227 silly mapToRegistry name vary
228 silly mapToRegistry using default registry
229 silly mapToRegistry registry https://registry.npm.taobao.org/
230 silly mapToRegistry data Result {
230 silly mapToRegistry   raw: 'vary',
230 silly mapToRegistry   scope: null,
230 silly mapToRegistry   escapedName: 'vary',
230 silly mapToRegistry   name: 'vary',
230 silly mapToRegistry   rawSpec: '',
230 silly mapToRegistry   spec: 'latest',
230 silly mapToRegistry   type: 'tag' }
231 silly mapToRegistry uri https://registry.npm.taobao.org/vary
232 verbose request uri https://registry.npm.taobao.org/accepts
233 verbose request no auth needed
234 info attempt registry request try #1 at 19:10:16
235 verbose etag "d135-k8IFwEAb+VxoXyRq/565rZcv5BQ"
236 http request GET https://registry.npm.taobao.org/accepts
237 verbose request uri https://registry.npm.taobao.org/array-flatten
238 verbose request no auth needed
239 info attempt registry request try #1 at 19:10:16
240 verbose etag "3f18-dCVoWvQEUEQhTHWPkwc1Ip6J4V8"
241 http request GET https://registry.npm.taobao.org/array-flatten
242 verbose request uri https://registry.npm.taobao.org/content-disposition
243 verbose request no auth needed
244 info attempt registry request try #1 at 19:10:16
245 verbose etag "5626-oSzuvvsmoBFtkIcf6nLWV8vdpf4"
246 http request GET https://registry.npm.taobao.org/content-disposition
247 verbose request uri https://registry.npm.taobao.org/content-type
248 verbose request no auth needed
249 info attempt registry request try #1 at 19:10:16
250 verbose etag "3339-Lh9sKOf9H5VyHn2XasdVZb30l1A"
251 http request GET https://registry.npm.taobao.org/content-type
252 verbose request uri https://registry.npm.taobao.org/cookie
253 verbose request no auth needed
254 info attempt registry request try #1 at 19:10:16
255 verbose etag "882e-MdA08Yl/B9ap8mj71a4sYzeTMXk"
256 http request GET https://registry.npm.taobao.org/cookie
257 verbose request uri https://registry.npm.taobao.org/cookie-signature
258 verbose request no auth needed
259 info attempt registry request try #1 at 19:10:16
260 verbose etag "2990-k0NaFgeQ1pQ4SwagjiRcW+wWA0w"
261 http request GET https://registry.npm.taobao.org/cookie-signature
262 verbose request uri https://registry.npm.taobao.org/depd
263 verbose request no auth needed
264 info attempt registry request try #1 at 19:10:16
265 verbose etag "7f8b-5dbfAa/usDE8TC5X39NrH/zwsuk"
266 http request GET https://registry.npm.taobao.org/depd
267 verbose request uri https://registry.npm.taobao.org/debug
268 verbose request no auth needed
269 info attempt registry request try #1 at 19:10:16
270 verbose etag "1c25c-odXUe3b/rhnbS9zDLmdMqPkc4EU"
271 http request GET https://registry.npm.taobao.org/debug
272 verbose request uri https://registry.npm.taobao.org/encodeurl
273 verbose request no auth needed
274 info attempt registry request try #1 at 19:10:16
275 verbose etag "1f3a-sjJ1O5/aBt1RqVW/ZtrbpwK2OJw"
276 http request GET https://registry.npm.taobao.org/encodeurl
277 verbose request uri https://registry.npm.taobao.org/escape-html
278 verbose request no auth needed
279 info attempt registry request try #1 at 19:10:16
280 verbose etag "1a18-oKZH5/Av5I7eDr9WIGl5/6JGiJk"
281 http request GET https://registry.npm.taobao.org/escape-html
282 verbose request uri https://registry.npm.taobao.org/etag
283 verbose request no auth needed
284 info attempt registry request try #1 at 19:10:16
285 verbose etag "6ad1-h/l4pkSELrYxxbZhU/vw5IqYJFU"
286 http request GET https://registry.npm.taobao.org/etag
287 verbose request uri https://registry.npm.taobao.org/finalhandler
288 verbose request no auth needed
289 info attempt registry request try #1 at 19:10:16
290 verbose etag "ba6c-kpRQfUEhBoAqdXh3phcf+2AVEgI"
291 http request GET https://registry.npm.taobao.org/finalhandler
292 verbose request uri https://registry.npm.taobao.org/fresh
293 verbose request no auth needed
294 info attempt registry request try #1 at 19:10:16
295 verbose etag "54b3-BrsWWc/H/Q45sfL81I/FgqpvHZ0"
296 http request GET https://registry.npm.taobao.org/fresh
297 verbose request uri https://registry.npm.taobao.org/merge-descriptors
298 verbose request no auth needed
299 info attempt registry request try #1 at 19:10:16
300 verbose etag "2028-Kg87p+USMqaYfezAPPXQ6JILda0"
301 http request GET https://registry.npm.taobao.org/merge-descriptors
302 verbose request uri https://registry.npm.taobao.org/methods
303 verbose request no auth needed
304 info attempt registry request try #1 at 19:10:16
305 verbose etag "2e2c-pywdePsGNZ8BOFM4kybP4Rzbgts"
306 http request GET https://registry.npm.taobao.org/methods
307 verbose request uri https://registry.npm.taobao.org/on-finished
308 verbose request no auth needed
309 info attempt registry request try #1 at 19:10:16
310 verbose etag "3c3b-T1fXqrQghrqZAqwo0UX8dZYVFms"
311 http request GET https://registry.npm.taobao.org/on-finished
312 verbose request uri https://registry.npm.taobao.org/parseurl
313 verbose request no auth needed
314 info attempt registry request try #1 at 19:10:16
315 verbose etag "418a-T7y4jpjyyYrT2Ls+QLMi2mQujFw"
316 http request GET https://registry.npm.taobao.org/parseurl
317 verbose request uri https://registry.npm.taobao.org/path-to-regexp
318 verbose request no auth needed
319 info attempt registry request try #1 at 19:10:16
320 verbose etag "fa55-p0swSmE9wl/btxyD2STfq0qAHt8"
321 http request GET https://registry.npm.taobao.org/path-to-regexp
322 verbose request uri https://registry.npm.taobao.org/proxy-addr
323 verbose request no auth needed
324 info attempt registry request try #1 at 19:10:16
325 verbose etag "a0f7-bXCuiC5QL0qaSROqCj6ZIw0xp4k"
326 http request GET https://registry.npm.taobao.org/proxy-addr
327 verbose request uri https://registry.npm.taobao.org/range-parser
328 verbose request no auth needed
329 info attempt registry request try #1 at 19:10:16
330 verbose etag "449e-0lvQKSN9QOBi8t+LXv59V0hqxQs"
331 http request GET https://registry.npm.taobao.org/range-parser
332 verbose request uri https://registry.npm.taobao.org/qs
333 verbose request no auth needed
334 info attempt registry request try #1 at 19:10:16
335 verbose etag "1c932-061hShxGvVvxYoGVH67P8FwwUPc"
336 http request GET https://registry.npm.taobao.org/qs
337 verbose request uri https://registry.npm.taobao.org/send
338 verbose request no auth needed
339 info attempt registry request try #1 at 19:10:17
340 verbose etag "18f53-F0+fN1UhduNJmogiR5aQz+EI53U"
341 http request GET https://registry.npm.taobao.org/send
342 verbose request uri https://registry.npm.taobao.org/setprototypeof
343 verbose request no auth needed
344 info attempt registry request try #1 at 19:10:17
345 verbose etag "1d44-WK9mOWWXTNQSfJDqu/e9ab0zCL4"
346 http request GET https://registry.npm.taobao.org/setprototypeof
347 verbose request uri https://registry.npm.taobao.org/serve-static
348 verbose request no auth needed
349 info attempt registry request try #1 at 19:10:17
350 verbose etag "17227-zSq9dEmVb8h3GCUZFsYmUuJjP54"
351 http request GET https://registry.npm.taobao.org/serve-static
352 verbose request uri https://registry.npm.taobao.org/statuses
353 verbose request no auth needed
354 info attempt registry request try #1 at 19:10:17
355 verbose etag "5c2e-6BFX1uMC+GaKHdQqVPdKLZm0l3Q"
356 http request GET https://registry.npm.taobao.org/statuses
357 verbose request uri https://registry.npm.taobao.org/type-is
358 verbose request no auth needed
359 info attempt registry request try #1 at 19:10:17
360 verbose etag "e7cd-5xYXsXLMwbG5VrSImB4ImEiYylI"
361 http request GET https://registry.npm.taobao.org/type-is
362 verbose request uri https://registry.npm.taobao.org/utils-merge
363 verbose request no auth needed
364 info attempt registry request try #1 at 19:10:17
365 verbose etag "1335-sNxTSYvrkOgO2P0ckceV7PS6RkE"
366 http request GET https://registry.npm.taobao.org/utils-merge
367 verbose request uri https://registry.npm.taobao.org/vary
368 verbose request no auth needed
369 info attempt registry request try #1 at 19:10:17
370 verbose etag "36f7-SxFUd6MiH1iPVe13YpTOXQWlRxo"
371 http request GET https://registry.npm.taobao.org/vary
372 http 304 https://registry.npm.taobao.org/accepts
373 verbose headers { date: 'Wed, 29 Nov 2017 11:10:18 GMT',
373 verbose headers   connection: 'keep-alive',
373 verbose headers   'x-current-requests': '1',
373 verbose headers   etag: '"d135-k8IFwEAb+VxoXyRq/565rZcv5BQ"',
373 verbose headers   'x-readtime': '14' }
374 silly get cb [ 304,
374 silly get   { date: 'Wed, 29 Nov 2017 11:10:18 GMT',
374 silly get     connection: 'keep-alive',
374 silly get     'x-current-requests': '1',
374 silly get     etag: '"d135-k8IFwEAb+VxoXyRq/565rZcv5BQ"',
374 silly get     'x-readtime': '14' } ]
375 verbose etag https://registry.npm.taobao.org/accepts from cache
376 verbose get saving accepts to G:\dev\nvm\npm-cache\registry.npm.taobao.org\accepts\.cache.json
377 verbose correctMkdir G:\dev\nvm\npm-cache correctMkdir not in flight; initializing
378 silly resolveWithNewModule accepts@1.3.4 checking installable status
379 silly cache add args [ 'accepts@~1.3.3', null ]
380 verbose cache add spec accepts@~1.3.3
381 silly cache add parsed spec Result {
381 silly cache add   raw: 'accepts@~1.3.3',
381 silly cache add   scope: null,
381 silly cache add   escapedName: 'accepts',
381 silly cache add   name: 'accepts',
381 silly cache add   rawSpec: '~1.3.3',
381 silly cache add   spec: '>=1.3.3 <1.4.0',
381 silly cache add   type: 'range' }
382 silly addNamed accepts@>=1.3.3 <1.4.0
383 verbose addNamed ">=1.3.3 <1.4.0" is a valid semver range for accepts
384 silly addNameRange { name: 'accepts', range: '>=1.3.3 <1.4.0', hasData: false }
385 silly mapToRegistry name accepts
386 silly mapToRegistry using default registry
387 silly mapToRegistry registry https://registry.npm.taobao.org/
388 silly mapToRegistry data Result {
388 silly mapToRegistry   raw: 'accepts',
388 silly mapToRegistry   scope: null,
388 silly mapToRegistry   escapedName: 'accepts',
388 silly mapToRegistry   name: 'accepts',
388 silly mapToRegistry   rawSpec: '',
388 silly mapToRegistry   spec: 'latest',
388 silly mapToRegistry   type: 'tag' }
389 silly mapToRegistry uri https://registry.npm.taobao.org/accepts
390 verbose addNameRange registry:https://registry.npm.taobao.org/accepts not in flight; fetching
391 verbose get https://registry.npm.taobao.org/accepts not expired, no request
392 silly addNameRange number 2 { name: 'accepts', range: '>=1.3.3 <1.4.0', hasData: true }
393 silly addNameRange versions [ 'accepts',
393 silly addNameRange   [ '1.3.4',
393 silly addNameRange     '1.3.3',
393 silly addNameRange     '1.3.2',
393 silly addNameRange     '1.3.1',
393 silly addNameRange     '1.3.0',
393 silly addNameRange     '1.2.13',
393 silly addNameRange     '1.2.12',
393 silly addNameRange     '1.2.11',
393 silly addNameRange     '1.2.10',
393 silly addNameRange     '1.2.9',
393 silly addNameRange     '1.2.8',
393 silly addNameRange     '1.2.7',
393 silly addNameRange     '1.2.6',
393 silly addNameRange     '1.2.5',
393 silly addNameRange     '1.2.4',
393 silly addNameRange     '1.2.3',
393 silly addNameRange     '1.2.2',
393 silly addNameRange     '1.2.1',
393 silly addNameRange     '1.2.0',
393 silly addNameRange     '1.1.4',
393 silly addNameRange     '1.1.3',
393 silly addNameRange     '1.1.2',
393 silly addNameRange     '1.1.1',
393 silly addNameRange     '1.1.0',
393 silly addNameRange     '1.0.7',
393 silly addNameRange     '1.0.6',
393 silly addNameRange     '1.0.5',
393 silly addNameRange     '1.0.4',
393 silly addNameRange     '1.0.3',
393 silly addNameRange     '1.0.2',
393 silly addNameRange     '1.0.1',
393 silly addNameRange     '1.0.0' ] ]
394 silly addNamed accepts@1.3.4
395 verbose addNamed "1.3.4" is a plain semver version for accepts
396 silly cache afterAdd accepts@1.3.4
397 verbose afterAdd G:\dev\nvm\npm-cache\accepts\1.3.4\package\package.json not in flight; writing
398 verbose correctMkdir G:\dev\nvm\npm-cache correctMkdir not in flight; initializing
399 verbose afterAdd G:\dev\nvm\npm-cache\accepts\1.3.4\package\package.json written
400 http 304 https://registry.npm.taobao.org/fresh
401 verbose headers { date: 'Wed, 29 Nov 2017 11:10:21 GMT',
401 verbose headers   connection: 'keep-alive',
401 verbose headers   'x-current-requests': '1',
401 verbose headers   vary: 'Origin',
401 verbose headers   etag: '"54b3-BrsWWc/H/Q45sfL81I/FgqpvHZ0"',
401 verbose headers   'x-readtime': '132' }
402 silly get cb [ 304,
402 silly get   { date: 'Wed, 29 Nov 2017 11:10:21 GMT',
402 silly get     connection: 'keep-alive',
402 silly get     'x-current-requests': '1',
402 silly get     vary: 'Origin',
402 silly get     etag: '"54b3-BrsWWc/H/Q45sfL81I/FgqpvHZ0"',
402 silly get     'x-readtime': '132' } ]
403 verbose etag https://registry.npm.taobao.org/fresh from cache
404 verbose get saving fresh to G:\dev\nvm\npm-cache\registry.npm.taobao.org\fresh\.cache.json
405 verbose correctMkdir G:\dev\nvm\npm-cache correctMkdir not in flight; initializing
406 http 304 https://registry.npm.taobao.org/methods
407 verbose headers { date: 'Wed, 29 Nov 2017 11:10:21 GMT',
407 verbose headers   connection: 'keep-alive',
407 verbose headers   'x-current-requests': '1',
407 verbose headers   etag: '"2e2c-pywdePsGNZ8BOFM4kybP4Rzbgts"',
407 verbose headers   'x-readtime': '15' }
408 silly get cb [ 304,
408 silly get   { date: 'Wed, 29 Nov 2017 11:10:21 GMT',
408 silly get     connection: 'keep-alive',
408 silly get     'x-current-requests': '1',
408 silly get     etag: '"2e2c-pywdePsGNZ8BOFM4kybP4Rzbgts"',
408 silly get     'x-readtime': '15' } ]
409 verbose etag https://registry.npm.taobao.org/methods from cache
410 verbose get saving methods to G:\dev\nvm\npm-cache\registry.npm.taobao.org\methods\.cache.json
411 verbose correctMkdir G:\dev\nvm\npm-cache correctMkdir not in flight; initializing
412 silly resolveWithNewModule fresh@0.5.2 checking installable status
413 silly cache add args [ 'fresh@0.5.2', null ]
414 verbose cache add spec fresh@0.5.2
415 silly cache add parsed spec Result {
415 silly cache add   raw: 'fresh@0.5.2',
415 silly cache add   scope: null,
415 silly cache add   escapedName: 'fresh',
415 silly cache add   name: 'fresh',
415 silly cache add   rawSpec: '0.5.2',
415 silly cache add   spec: '0.5.2',
415 silly cache add   type: 'version' }
416 silly addNamed fresh@0.5.2
417 verbose addNamed "0.5.2" is a plain semver version for fresh
418 silly mapToRegistry name fresh
419 silly mapToRegistry using default registry
420 silly mapToRegistry registry https://registry.npm.taobao.org/
421 silly mapToRegistry data Result {
421 silly mapToRegistry   raw: 'fresh',
421 silly mapToRegistry   scope: null,
421 silly mapToRegistry   escapedName: 'fresh',
421 silly mapToRegistry   name: 'fresh',
421 silly mapToRegistry   rawSpec: '',
421 silly mapToRegistry   spec: 'latest',
421 silly mapToRegistry   type: 'tag' }
422 silly mapToRegistry uri https://registry.npm.taobao.org/fresh
423 verbose addNameVersion registry:https://registry.npm.taobao.org/fresh not in flight; fetching
424 silly resolveWithNewModule methods@1.1.2 checking installable status
425 silly cache add args [ 'methods@~1.1.2', null ]
426 verbose cache add spec methods@~1.1.2
427 silly cache add parsed spec Result {
427 silly cache add   raw: 'methods@~1.1.2',
427 silly cache add   scope: null,
427 silly cache add   escapedName: 'methods',
427 silly cache add   name: 'methods',
427 silly cache add   rawSpec: '~1.1.2',
427 silly cache add   spec: '>=1.1.2 <1.2.0',
427 silly cache add   type: 'range' }
428 silly addNamed methods@>=1.1.2 <1.2.0
429 verbose addNamed ">=1.1.2 <1.2.0" is a valid semver range for methods
430 silly addNameRange { name: 'methods', range: '>=1.1.2 <1.2.0', hasData: false }
431 silly mapToRegistry name methods
432 silly mapToRegistry using default registry
433 silly mapToRegistry registry https://registry.npm.taobao.org/
434 silly mapToRegistry data Result {
434 silly mapToRegistry   raw: 'methods',
434 silly mapToRegistry   scope: null,
434 silly mapToRegistry   escapedName: 'methods',
434 silly mapToRegistry   name: 'methods',
434 silly mapToRegistry   rawSpec: '',
434 silly mapToRegistry   spec: 'latest',
434 silly mapToRegistry   type: 'tag' }
435 silly mapToRegistry uri https://registry.npm.taobao.org/methods
436 verbose addNameRange registry:https://registry.npm.taobao.org/methods not in flight; fetching
437 verbose get https://registry.npm.taobao.org/fresh not expired, no request
438 verbose get https://registry.npm.taobao.org/methods not expired, no request
439 silly addNameRange number 2 { name: 'methods', range: '>=1.1.2 <1.2.0', hasData: true }
440 silly addNameRange versions [ 'methods',
440 silly addNameRange   [ '1.1.2', '1.1.1', '1.1.0', '1.0.1', '1.0.0', '0.1.0', '0.0.1' ] ]
441 silly addNamed methods@1.1.2
442 verbose addNamed "1.1.2" is a plain semver version for methods
443 silly cache afterAdd fresh@0.5.2
444 verbose afterAdd G:\dev\nvm\npm-cache\fresh\0.5.2\package\package.json not in flight; writing
445 verbose correctMkdir G:\dev\nvm\npm-cache correctMkdir not in flight; initializing
446 silly cache afterAdd methods@1.1.2
447 verbose afterAdd G:\dev\nvm\npm-cache\methods\1.1.2\package\package.json not in flight; writing
448 verbose correctMkdir G:\dev\nvm\npm-cache correctMkdir not in flight; initializing
449 verbose afterAdd G:\dev\nvm\npm-cache\fresh\0.5.2\package\package.json written
450 verbose afterAdd G:\dev\nvm\npm-cache\methods\1.1.2\package\package.json written
451 http 304 https://registry.npm.taobao.org/escape-html
452 verbose headers { date: 'Wed, 29 Nov 2017 11:10:22 GMT',
452 verbose headers   connection: 'keep-alive',
452 verbose headers   'x-current-requests': '1',
452 verbose headers   etag: '"1a18-oKZH5/Av5I7eDr9WIGl5/6JGiJk"',
452 verbose headers   'x-readtime': '16' }
453 silly get cb [ 304,
453 silly get   { date: 'Wed, 29 Nov 2017 11:10:22 GMT',
453 silly get     connection: 'keep-alive',
453 silly get     'x-current-requests': '1',
453 silly get     etag: '"1a18-oKZH5/Av5I7eDr9WIGl5/6JGiJk"',
453 silly get     'x-readtime': '16' } ]
454 verbose etag https://registry.npm.taobao.org/escape-html from cache
455 verbose get saving escape-html to G:\dev\nvm\npm-cache\registry.npm.taobao.org\escape-html\.cache.json
456 verbose correctMkdir G:\dev\nvm\npm-cache correctMkdir not in flight; initializing
457 silly resolveWithNewModule escape-html@1.0.3 checking installable status
458 silly cache add args [ 'escape-html@~1.0.3', null ]
459 verbose cache add spec escape-html@~1.0.3
460 silly cache add parsed spec Result {
460 silly cache add   raw: 'escape-html@~1.0.3',
460 silly cache add   scope: null,
460 silly cache add   escapedName: 'escape-html',
460 silly cache add   name: 'escape-html',
460 silly cache add   rawSpec: '~1.0.3',
460 silly cache add   spec: '>=1.0.3 <1.1.0',
460 silly cache add   type: 'range' }
461 silly addNamed escape-html@>=1.0.3 <1.1.0
462 verbose addNamed ">=1.0.3 <1.1.0" is a valid semver range for escape-html
463 silly addNameRange { name: 'escape-html', range: '>=1.0.3 <1.1.0', hasData: false }
464 silly mapToRegistry name escape-html
465 silly mapToRegistry using default registry
466 silly mapToRegistry registry https://registry.npm.taobao.org/
467 silly mapToRegistry data Result {
467 silly mapToRegistry   raw: 'escape-html',
467 silly mapToRegistry   scope: null,
467 silly mapToRegistry   escapedName: 'escape-html',
467 silly mapToRegistry   name: 'escape-html',
467 silly mapToRegistry   rawSpec: '',
467 silly mapToRegistry   spec: 'latest',
467 silly mapToRegistry   type: 'tag' }
468 silly mapToRegistry uri https://registry.npm.taobao.org/escape-html
469 verbose addNameRange registry:https://registry.npm.taobao.org/escape-html not in flight; fetching
470 verbose get https://registry.npm.taobao.org/escape-html not expired, no request
471 silly addNameRange number 2 { name: 'escape-html', range: '>=1.0.3 <1.1.0', hasData: true }
472 silly addNameRange versions [ 'escape-html',
472 silly addNameRange   [ '1.0.3', '1.0.2', '1.0.1', '1.0.0', '0.0.1' ] ]
473 silly addNamed escape-html@1.0.3
474 verbose addNamed "1.0.3" is a plain semver version for escape-html
475 silly cache afterAdd escape-html@1.0.3
476 verbose afterAdd G:\dev\nvm\npm-cache\escape-html\1.0.3\package\package.json not in flight; writing
477 verbose correctMkdir G:\dev\nvm\npm-cache correctMkdir not in flight; initializing
478 verbose afterAdd G:\dev\nvm\npm-cache\escape-html\1.0.3\package\package.json written
479 http 304 https://registry.npm.taobao.org/path-to-regexp
480 verbose headers { date: 'Wed, 29 Nov 2017 11:10:22 GMT',
480 verbose headers   connection: 'keep-alive',
480 verbose headers   'x-current-requests': '1',
480 verbose headers   vary: 'Origin',
480 verbose headers   etag: '"fa55-p0swSmE9wl/btxyD2STfq0qAHt8"',
480 verbose headers   'x-readtime': '142' }
481 silly get cb [ 304,
481 silly get   { date: 'Wed, 29 Nov 2017 11:10:22 GMT',
481 silly get     connection: 'keep-alive',
481 silly get     'x-current-requests': '1',
481 silly get     vary: 'Origin',
481 silly get     etag: '"fa55-p0swSmE9wl/btxyD2STfq0qAHt8"',
481 silly get     'x-readtime': '142' } ]
482 verbose etag https://registry.npm.taobao.org/path-to-regexp from cache
483 verbose get saving path-to-regexp to G:\dev\nvm\npm-cache\registry.npm.taobao.org\path-to-regexp\.cache.json
484 verbose correctMkdir G:\dev\nvm\npm-cache correctMkdir not in flight; initializing
485 silly resolveWithNewModule path-to-regexp@0.1.7 checking installable status
486 silly cache add args [ 'path-to-regexp@0.1.7', null ]
487 verbose cache add spec path-to-regexp@0.1.7
488 silly cache add parsed spec Result {
488 silly cache add   raw: 'path-to-regexp@0.1.7',
488 silly cache add   scope: null,
488 silly cache add   escapedName: 'path-to-regexp',
488 silly cache add   name: 'path-to-regexp',
488 silly cache add   rawSpec: '0.1.7',
488 silly cache add   spec: '0.1.7',
488 silly cache add   type: 'version' }
489 silly addNamed path-to-regexp@0.1.7
490 verbose addNamed "0.1.7" is a plain semver version for path-to-regexp
491 silly mapToRegistry name path-to-regexp
492 silly mapToRegistry using default registry
493 silly mapToRegistry registry https://registry.npm.taobao.org/
494 silly mapToRegistry data Result {
494 silly mapToRegistry   raw: 'path-to-regexp',
494 silly mapToRegistry   scope: null,
494 silly mapToRegistry   escapedName: 'path-to-regexp',
494 silly mapToRegistry   name: 'path-to-regexp',
494 silly mapToRegistry   rawSpec: '',
494 silly mapToRegistry   spec: 'latest',
494 silly mapToRegistry   type: 'tag' }
495 silly mapToRegistry uri https://registry.npm.taobao.org/path-to-regexp
496 verbose addNameVersion registry:https://registry.npm.taobao.org/path-to-regexp not in flight; fetching
497 http 304 https://registry.npm.taobao.org/qs
498 verbose headers { date: 'Wed, 29 Nov 2017 11:10:22 GMT',
498 verbose headers   connection: 'keep-alive',
498 verbose headers   'x-current-requests': '1',
498 verbose headers   etag: '"1c932-061hShxGvVvxYoGVH67P8FwwUPc"',
498 verbose headers   'x-readtime': '33' }
499 silly get cb [ 304,
499 silly get   { date: 'Wed, 29 Nov 2017 11:10:22 GMT',
499 silly get     connection: 'keep-alive',
499 silly get     'x-current-requests': '1',
499 silly get     etag: '"1c932-061hShxGvVvxYoGVH67P8FwwUPc"',
499 silly get     'x-readtime': '33' } ]
500 verbose etag https://registry.npm.taobao.org/qs from cache
501 verbose get saving qs to G:\dev\nvm\npm-cache\registry.npm.taobao.org\qs\.cache.json
502 verbose correctMkdir G:\dev\nvm\npm-cache correctMkdir not in flight; initializing
503 verbose get https://registry.npm.taobao.org/path-to-regexp not expired, no request
504 silly cache afterAdd path-to-regexp@0.1.7
505 verbose afterAdd G:\dev\nvm\npm-cache\path-to-regexp\0.1.7\package\package.json not in flight; writing
506 verbose correctMkdir G:\dev\nvm\npm-cache correctMkdir not in flight; initializing
507 silly resolveWithNewModule qs@6.5.0 checking installable status
508 silly cache add args [ 'qs@6.5.0', null ]
509 verbose cache add spec qs@6.5.0
510 silly cache add parsed spec Result {
510 silly cache add   raw: 'qs@6.5.0',
510 silly cache add   scope: null,
510 silly cache add   escapedName: 'qs',
510 silly cache add   name: 'qs',
510 silly cache add   rawSpec: '6.5.0',
510 silly cache add   spec: '6.5.0',
510 silly cache add   type: 'version' }
511 silly addNamed qs@6.5.0
512 verbose addNamed "6.5.0" is a plain semver version for qs
513 silly mapToRegistry name qs
514 silly mapToRegistry using default registry
515 silly mapToRegistry registry https://registry.npm.taobao.org/
516 silly mapToRegistry data Result {
516 silly mapToRegistry   raw: 'qs',
516 silly mapToRegistry   scope: null,
516 silly mapToRegistry   escapedName: 'qs',
516 silly mapToRegistry   name: 'qs',
516 silly mapToRegistry   rawSpec: '',
516 silly mapToRegistry   spec: 'latest',
516 silly mapToRegistry   type: 'tag' }
517 silly mapToRegistry uri https://registry.npm.taobao.org/qs
518 verbose addNameVersion registry:https://registry.npm.taobao.org/qs not in flight; fetching
519 verbose afterAdd G:\dev\nvm\npm-cache\path-to-regexp\0.1.7\package\package.json written
520 verbose get https://registry.npm.taobao.org/qs not expired, no request
521 silly cache afterAdd qs@6.5.0
522 verbose afterAdd G:\dev\nvm\npm-cache\qs\6.5.0\package\package.json not in flight; writing
523 verbose correctMkdir G:\dev\nvm\npm-cache correctMkdir not in flight; initializing
524 verbose afterAdd G:\dev\nvm\npm-cache\qs\6.5.0\package\package.json written
525 http 304 https://registry.npm.taobao.org/depd
526 verbose headers { date: 'Wed, 29 Nov 2017 11:10:22 GMT',
526 verbose headers   connection: 'keep-alive',
526 verbose headers   'x-current-requests': '1',
526 verbose headers   etag: '"7f8b-5dbfAa/usDE8TC5X39NrH/zwsuk"',
526 verbose headers   'x-readtime': '16' }
527 silly get cb [ 304,
527 silly get   { date: 'Wed, 29 Nov 2017 11:10:22 GMT',
527 silly get     connection: 'keep-alive',
527 silly get     'x-current-requests': '1',
527 silly get     etag: '"7f8b-5dbfAa/usDE8TC5X39NrH/zwsuk"',
527 silly get     'x-readtime': '16' } ]
528 verbose etag https://registry.npm.taobao.org/depd from cache
529 verbose get saving depd to G:\dev\nvm\npm-cache\registry.npm.taobao.org\depd\.cache.json
530 verbose correctMkdir G:\dev\nvm\npm-cache correctMkdir not in flight; initializing
531 silly resolveWithNewModule depd@1.1.1 checking installable status
532 silly cache add args [ 'depd@~1.1.1', null ]
533 verbose cache add spec depd@~1.1.1
534 silly cache add parsed spec Result {
534 silly cache add   raw: 'depd@~1.1.1',
534 silly cache add   scope: null,
534 silly cache add   escapedName: 'depd',
534 silly cache add   name: 'depd',
534 silly cache add   rawSpec: '~1.1.1',
534 silly cache add   spec: '>=1.1.1 <1.2.0',
534 silly cache add   type: 'range' }
535 silly addNamed depd@>=1.1.1 <1.2.0
536 verbose addNamed ">=1.1.1 <1.2.0" is a valid semver range for depd
537 silly addNameRange { name: 'depd', range: '>=1.1.1 <1.2.0', hasData: false }
538 silly mapToRegistry name depd
539 silly mapToRegistry using default registry
540 silly mapToRegistry registry https://registry.npm.taobao.org/
541 silly mapToRegistry data Result {
541 silly mapToRegistry   raw: 'depd',
541 silly mapToRegistry   scope: null,
541 silly mapToRegistry   escapedName: 'depd',
541 silly mapToRegistry   name: 'depd',
541 silly mapToRegistry   rawSpec: '',
541 silly mapToRegistry   spec: 'latest',
541 silly mapToRegistry   type: 'tag' }
542 silly mapToRegistry uri https://registry.npm.taobao.org/depd
543 verbose addNameRange registry:https://registry.npm.taobao.org/depd not in flight; fetching
544 verbose get https://registry.npm.taobao.org/depd not expired, no request
545 silly addNameRange number 2 { name: 'depd', range: '>=1.1.1 <1.2.0', hasData: true }
546 silly addNameRange versions [ 'depd',
546 silly addNameRange   [ '1.1.1',
546 silly addNameRange     '1.1.0',
546 silly addNameRange     '1.0.1',
546 silly addNameRange     '1.0.0',
546 silly addNameRange     '0.4.5',
546 silly addNameRange     '0.4.4',
546 silly addNameRange     '0.4.3',
546 silly addNameRange     '0.4.2',
546 silly addNameRange     '0.4.1',
546 silly addNameRange     '0.4.0',
546 silly addNameRange     '0.3.0',
546 silly addNameRange     '0.2.0',
546 silly addNameRange     '0.1.0',
546 silly addNameRange     '0.0.1',
546 silly addNameRange     '0.0.0' ] ]
547 silly addNamed depd@1.1.1
548 verbose addNamed "1.1.1" is a plain semver version for depd
549 silly cache afterAdd depd@1.1.1
550 verbose afterAdd G:\dev\nvm\npm-cache\depd\1.1.1\package\package.json not in flight; writing
551 verbose correctMkdir G:\dev\nvm\npm-cache correctMkdir not in flight; initializing
552 verbose afterAdd G:\dev\nvm\npm-cache\depd\1.1.1\package\package.json written
553 http 304 https://registry.npm.taobao.org/content-type
554 verbose headers { date: 'Wed, 29 Nov 2017 11:10:22 GMT',
554 verbose headers   connection: 'keep-alive',
554 verbose headers   'x-current-requests': '1',
554 verbose headers   etag: '"3339-Lh9sKOf9H5VyHn2XasdVZb30l1A"',
554 verbose headers   'x-readtime': '16' }
555 silly get cb [ 304,
555 silly get   { date: 'Wed, 29 Nov 2017 11:10:22 GMT',
555 silly get     connection: 'keep-alive',
555 silly get     'x-current-requests': '1',
555 silly get     etag: '"3339-Lh9sKOf9H5VyHn2XasdVZb30l1A"',
555 silly get     'x-readtime': '16' } ]
556 verbose etag https://registry.npm.taobao.org/content-type from cache
557 verbose get saving content-type to G:\dev\nvm\npm-cache\registry.npm.taobao.org\content-type\.cache.json
558 verbose correctMkdir G:\dev\nvm\npm-cache correctMkdir not in flight; initializing
559 silly resolveWithNewModule content-type@1.0.4 checking installable status
560 silly cache add args [ 'content-type@~1.0.2', null ]
561 verbose cache add spec content-type@~1.0.2
562 silly cache add parsed spec Result {
562 silly cache add   raw: 'content-type@~1.0.2',
562 silly cache add   scope: null,
562 silly cache add   escapedName: 'content-type',
562 silly cache add   name: 'content-type',
562 silly cache add   rawSpec: '~1.0.2',
562 silly cache add   spec: '>=1.0.2 <1.1.0',
562 silly cache add   type: 'range' }
563 silly addNamed content-type@>=1.0.2 <1.1.0
564 verbose addNamed ">=1.0.2 <1.1.0" is a valid semver range for content-type
565 silly addNameRange { name: 'content-type', range: '>=1.0.2 <1.1.0', hasData: false }
566 silly mapToRegistry name content-type
567 silly mapToRegistry using default registry
568 silly mapToRegistry registry https://registry.npm.taobao.org/
569 silly mapToRegistry data Result {
569 silly mapToRegistry   raw: 'content-type',
569 silly mapToRegistry   scope: null,
569 silly mapToRegistry   escapedName: 'content-type',
569 silly mapToRegistry   name: 'content-type',
569 silly mapToRegistry   rawSpec: '',
569 silly mapToRegistry   spec: 'latest',
569 silly mapToRegistry   type: 'tag' }
570 silly mapToRegistry uri https://registry.npm.taobao.org/content-type
571 verbose addNameRange registry:https://registry.npm.taobao.org/content-type not in flight; fetching
572 verbose get https://registry.npm.taobao.org/content-type not expired, no request
573 silly addNameRange number 2 { name: 'content-type', range: '>=1.0.2 <1.1.0', hasData: true }
574 silly addNameRange versions [ 'content-type',
574 silly addNameRange   [ '1.0.4', '1.0.3', '1.0.2', '1.0.1', '1.0.0', '0.0.1' ] ]
575 silly addNamed content-type@1.0.4
576 verbose addNamed "1.0.4" is a plain semver version for content-type
577 silly cache afterAdd content-type@1.0.4
578 verbose afterAdd G:\dev\nvm\npm-cache\content-type\1.0.4\package\package.json not in flight; writing
579 verbose correctMkdir G:\dev\nvm\npm-cache correctMkdir not in flight; initializing
580 verbose afterAdd G:\dev\nvm\npm-cache\content-type\1.0.4\package\package.json written
581 http 304 https://registry.npm.taobao.org/range-parser
582 verbose headers { date: 'Wed, 29 Nov 2017 11:10:22 GMT',
582 verbose headers   connection: 'keep-alive',
582 verbose headers   'x-current-requests': '1',
582 verbose headers   etag: '"449e-0lvQKSN9QOBi8t+LXv59V0hqxQs"',
582 verbose headers   'x-readtime': '54' }
583 silly get cb [ 304,
583 silly get   { date: 'Wed, 29 Nov 2017 11:10:22 GMT',
583 silly get     connection: 'keep-alive',
583 silly get     'x-current-requests': '1',
583 silly get     etag: '"449e-0lvQKSN9QOBi8t+LXv59V0hqxQs"',
583 silly get     'x-readtime': '54' } ]
584 verbose etag https://registry.npm.taobao.org/range-parser from cache
585 verbose get saving range-parser to G:\dev\nvm\npm-cache\registry.npm.taobao.org\range-parser\.cache.json
586 verbose correctMkdir G:\dev\nvm\npm-cache correctMkdir not in flight; initializing
587 silly resolveWithNewModule range-parser@1.2.0 checking installable status
588 silly cache add args [ 'range-parser@~1.2.0', null ]
589 verbose cache add spec range-parser@~1.2.0
590 silly cache add parsed spec Result {
590 silly cache add   raw: 'range-parser@~1.2.0',
590 silly cache add   scope: null,
590 silly cache add   escapedName: 'range-parser',
590 silly cache add   name: 'range-parser',
590 silly cache add   rawSpec: '~1.2.0',
590 silly cache add   spec: '>=1.2.0 <1.3.0',
590 silly cache add   type: 'range' }
591 silly addNamed range-parser@>=1.2.0 <1.3.0
592 verbose addNamed ">=1.2.0 <1.3.0" is a valid semver range for range-parser
593 silly addNameRange { name: 'range-parser', range: '>=1.2.0 <1.3.0', hasData: false }
594 silly mapToRegistry name range-parser
595 silly mapToRegistry using default registry
596 silly mapToRegistry registry https://registry.npm.taobao.org/
597 silly mapToRegistry data Result {
597 silly mapToRegistry   raw: 'range-parser',
597 silly mapToRegistry   scope: null,
597 silly mapToRegistry   escapedName: 'range-parser',
597 silly mapToRegistry   name: 'range-parser',
597 silly mapToRegistry   rawSpec: '',
597 silly mapToRegistry   spec: 'latest',
597 silly mapToRegistry   type: 'tag' }
598 silly mapToRegistry uri https://registry.npm.taobao.org/range-parser
599 verbose addNameRange registry:https://registry.npm.taobao.org/range-parser not in flight; fetching
600 verbose get https://registry.npm.taobao.org/range-parser not expired, no request
601 silly addNameRange number 2 { name: 'range-parser', range: '>=1.2.0 <1.3.0', hasData: true }
602 silly addNameRange versions [ 'range-parser',
602 silly addNameRange   [ '1.2.0',
602 silly addNameRange     '1.1.0',
602 silly addNameRange     '1.0.3',
602 silly addNameRange     '1.0.2',
602 silly addNameRange     '1.0.1',
602 silly addNameRange     '1.0.0',
602 silly addNameRange     '0.0.4',
602 silly addNameRange     '0.0.3',
602 silly addNameRange     '0.0.2',
602 silly addNameRange     '0.0.1' ] ]
603 silly addNamed range-parser@1.2.0
604 verbose addNamed "1.2.0" is a plain semver version for range-parser
605 silly cache afterAdd range-parser@1.2.0
606 verbose afterAdd G:\dev\nvm\npm-cache\range-parser\1.2.0\package\package.json not in flight; writing
607 verbose correctMkdir G:\dev\nvm\npm-cache correctMkdir not in flight; initializing
608 verbose afterAdd G:\dev\nvm\npm-cache\range-parser\1.2.0\package\package.json written
609 http 304 https://registry.npm.taobao.org/merge-descriptors
610 verbose headers { date: 'Wed, 29 Nov 2017 11:10:22 GMT',
610 verbose headers   connection: 'keep-alive',
610 verbose headers   'x-current-requests': '1',
610 verbose headers   etag: '"2028-Kg87p+USMqaYfezAPPXQ6JILda0"',
610 verbose headers   'x-readtime': '15' }
611 silly get cb [ 304,
611 silly get   { date: 'Wed, 29 Nov 2017 11:10:22 GMT',
611 silly get     connection: 'keep-alive',
611 silly get     'x-current-requests': '1',
611 silly get     etag: '"2028-Kg87p+USMqaYfezAPPXQ6JILda0"',
611 silly get     'x-readtime': '15' } ]
612 verbose etag https://registry.npm.taobao.org/merge-descriptors from cache
613 verbose get saving merge-descriptors to G:\dev\nvm\npm-cache\registry.npm.taobao.org\merge-descriptors\.cache.json
614 verbose correctMkdir G:\dev\nvm\npm-cache correctMkdir not in flight; initializing
615 silly resolveWithNewModule merge-descriptors@1.0.1 checking installable status
616 silly cache add args [ 'merge-descriptors@1.0.1', null ]
617 verbose cache add spec merge-descriptors@1.0.1
618 silly cache add parsed spec Result {
618 silly cache add   raw: 'merge-descriptors@1.0.1',
618 silly cache add   scope: null,
618 silly cache add   escapedName: 'merge-descriptors',
618 silly cache add   name: 'merge-descriptors',
618 silly cache add   rawSpec: '1.0.1',
618 silly cache add   spec: '1.0.1',
618 silly cache add   type: 'version' }
619 silly addNamed merge-descriptors@1.0.1
620 verbose addNamed "1.0.1" is a plain semver version for merge-descriptors
621 silly mapToRegistry name merge-descriptors
622 silly mapToRegistry using default registry
623 silly mapToRegistry registry https://registry.npm.taobao.org/
624 silly mapToRegistry data Result {
624 silly mapToRegistry   raw: 'merge-descriptors',
624 silly mapToRegistry   scope: null,
624 silly mapToRegistry   escapedName: 'merge-descriptors',
624 silly mapToRegistry   name: 'merge-descriptors',
624 silly mapToRegistry   rawSpec: '',
624 silly mapToRegistry   spec: 'latest',
624 silly mapToRegistry   type: 'tag' }
625 silly mapToRegistry uri https://registry.npm.taobao.org/merge-descriptors
626 verbose addNameVersion registry:https://registry.npm.taobao.org/merge-descriptors not in flight; fetching
627 verbose get https://registry.npm.taobao.org/merge-descriptors not expired, no request
628 silly cache afterAdd merge-descriptors@1.0.1
629 verbose afterAdd G:\dev\nvm\npm-cache\merge-descriptors\1.0.1\package\package.json not in flight; writing
630 verbose correctMkdir G:\dev\nvm\npm-cache correctMkdir not in flight; initializing
631 verbose afterAdd G:\dev\nvm\npm-cache\merge-descriptors\1.0.1\package\package.json written
632 http 304 https://registry.npm.taobao.org/content-disposition
633 verbose headers { date: 'Wed, 29 Nov 2017 11:10:24 GMT',
633 verbose headers   connection: 'keep-alive',
633 verbose headers   'x-current-requests': '1',
633 verbose headers   etag: '"5626-oSzuvvsmoBFtkIcf6nLWV8vdpf4"',
633 verbose headers   'x-readtime': '13' }
634 silly get cb [ 304,
634 silly get   { date: 'Wed, 29 Nov 2017 11:10:24 GMT',
634 silly get     connection: 'keep-alive',
634 silly get     'x-current-requests': '1',
634 silly get     etag: '"5626-oSzuvvsmoBFtkIcf6nLWV8vdpf4"',
634 silly get     'x-readtime': '13' } ]
635 verbose etag https://registry.npm.taobao.org/content-disposition from cache
636 verbose get saving content-disposition to G:\dev\nvm\npm-cache\registry.npm.taobao.org\content-disposition\.cache.json
637 verbose correctMkdir G:\dev\nvm\npm-cache correctMkdir not in flight; initializing
638 silly resolveWithNewModule content-disposition@0.5.2 checking installable status
639 silly cache add args [ 'content-disposition@0.5.2', null ]
640 verbose cache add spec content-disposition@0.5.2
641 silly cache add parsed spec Result {
641 silly cache add   raw: 'content-disposition@0.5.2',
641 silly cache add   scope: null,
641 silly cache add   escapedName: 'content-disposition',
641 silly cache add   name: 'content-disposition',
641 silly cache add   rawSpec: '0.5.2',
641 silly cache add   spec: '0.5.2',
641 silly cache add   type: 'version' }
642 silly addNamed content-disposition@0.5.2
643 verbose addNamed "0.5.2" is a plain semver version for content-disposition
644 silly mapToRegistry name content-disposition
645 silly mapToRegistry using default registry
646 silly mapToRegistry registry https://registry.npm.taobao.org/
647 silly mapToRegistry data Result {
647 silly mapToRegistry   raw: 'content-disposition',
647 silly mapToRegistry   scope: null,
647 silly mapToRegistry   escapedName: 'content-disposition',
647 silly mapToRegistry   name: 'content-disposition',
647 silly mapToRegistry   rawSpec: '',
647 silly mapToRegistry   spec: 'latest',
647 silly mapToRegistry   type: 'tag' }
648 silly mapToRegistry uri https://registry.npm.taobao.org/content-disposition
649 verbose addNameVersion registry:https://registry.npm.taobao.org/content-disposition not in flight; fetching
650 verbose get https://registry.npm.taobao.org/content-disposition not expired, no request
651 silly cache afterAdd content-disposition@0.5.2
652 verbose afterAdd G:\dev\nvm\npm-cache\content-disposition\0.5.2\package\package.json not in flight; writing
653 verbose correctMkdir G:\dev\nvm\npm-cache correctMkdir not in flight; initializing
654 http 304 https://registry.npm.taobao.org/cookie
655 verbose headers { date: 'Wed, 29 Nov 2017 11:10:24 GMT',
655 verbose headers   connection: 'keep-alive',
655 verbose headers   'x-current-requests': '1',
655 verbose headers   etag: '"882e-MdA08Yl/B9ap8mj71a4sYzeTMXk"',
655 verbose headers   'x-readtime': '23' }
656 silly get cb [ 304,
656 silly get   { date: 'Wed, 29 Nov 2017 11:10:24 GMT',
656 silly get     connection: 'keep-alive',
656 silly get     'x-current-requests': '1',
656 silly get     etag: '"882e-MdA08Yl/B9ap8mj71a4sYzeTMXk"',
656 silly get     'x-readtime': '23' } ]
657 verbose etag https://registry.npm.taobao.org/cookie from cache
658 verbose get saving cookie to G:\dev\nvm\npm-cache\registry.npm.taobao.org\cookie\.cache.json
659 verbose correctMkdir G:\dev\nvm\npm-cache correctMkdir not in flight; initializing
660 verbose afterAdd G:\dev\nvm\npm-cache\content-disposition\0.5.2\package\package.json written
661 silly resolveWithNewModule cookie@0.3.1 checking installable status
662 silly cache add args [ 'cookie@0.3.1', null ]
663 verbose cache add spec cookie@0.3.1
664 silly cache add parsed spec Result {
664 silly cache add   raw: 'cookie@0.3.1',
664 silly cache add   scope: null,
664 silly cache add   escapedName: 'cookie',
664 silly cache add   name: 'cookie',
664 silly cache add   rawSpec: '0.3.1',
664 silly cache add   spec: '0.3.1',
664 silly cache add   type: 'version' }
665 silly addNamed cookie@0.3.1
666 verbose addNamed "0.3.1" is a plain semver version for cookie
667 silly mapToRegistry name cookie
668 silly mapToRegistry using default registry
669 silly mapToRegistry registry https://registry.npm.taobao.org/
670 silly mapToRegistry data Result {
670 silly mapToRegistry   raw: 'cookie',
670 silly mapToRegistry   scope: null,
670 silly mapToRegistry   escapedName: 'cookie',
670 silly mapToRegistry   name: 'cookie',
670 silly mapToRegistry   rawSpec: '',
670 silly mapToRegistry   spec: 'latest',
670 silly mapToRegistry   type: 'tag' }
671 silly mapToRegistry uri https://registry.npm.taobao.org/cookie
672 verbose addNameVersion registry:https://registry.npm.taobao.org/cookie not in flight; fetching
673 verbose get https://registry.npm.taobao.org/cookie not expired, no request
674 silly cache afterAdd cookie@0.3.1
675 verbose afterAdd G:\dev\nvm\npm-cache\cookie\0.3.1\package\package.json not in flight; writing
676 verbose correctMkdir G:\dev\nvm\npm-cache correctMkdir not in flight; initializing
677 verbose afterAdd G:\dev\nvm\npm-cache\cookie\0.3.1\package\package.json written
678 http 304 https://registry.npm.taobao.org/on-finished
679 verbose headers { date: 'Wed, 29 Nov 2017 11:10:24 GMT',
679 verbose headers   connection: 'keep-alive',
679 verbose headers   'x-current-requests': '1',
679 verbose headers   etag: '"3c3b-T1fXqrQghrqZAqwo0UX8dZYVFms"',
679 verbose headers   'x-readtime': '31' }
680 silly get cb [ 304,
680 silly get   { date: 'Wed, 29 Nov 2017 11:10:24 GMT',
680 silly get     connection: 'keep-alive',
680 silly get     'x-current-requests': '1',
680 silly get     etag: '"3c3b-T1fXqrQghrqZAqwo0UX8dZYVFms"',
680 silly get     'x-readtime': '31' } ]
681 verbose etag https://registry.npm.taobao.org/on-finished from cache
682 verbose get saving on-finished to G:\dev\nvm\npm-cache\registry.npm.taobao.org\on-finished\.cache.json
683 verbose correctMkdir G:\dev\nvm\npm-cache correctMkdir not in flight; initializing
684 silly resolveWithNewModule on-finished@2.3.0 checking installable status
685 silly cache add args [ 'on-finished@~2.3.0', null ]
686 verbose cache add spec on-finished@~2.3.0
687 silly cache add parsed spec Result {
687 silly cache add   raw: 'on-finished@~2.3.0',
687 silly cache add   scope: null,
687 silly cache add   escapedName: 'on-finished',
687 silly cache add   name: 'on-finished',
687 silly cache add   rawSpec: '~2.3.0',
687 silly cache add   spec: '>=2.3.0 <2.4.0',
687 silly cache add   type: 'range' }
688 silly addNamed on-finished@>=2.3.0 <2.4.0
689 verbose addNamed ">=2.3.0 <2.4.0" is a valid semver range for on-finished
690 silly addNameRange { name: 'on-finished', range: '>=2.3.0 <2.4.0', hasData: false }
691 silly mapToRegistry name on-finished
692 silly mapToRegistry using default registry
693 silly mapToRegistry registry https://registry.npm.taobao.org/
694 silly mapToRegistry data Result {
694 silly mapToRegistry   raw: 'on-finished',
694 silly mapToRegistry   scope: null,
694 silly mapToRegistry   escapedName: 'on-finished',
694 silly mapToRegistry   name: 'on-finished',
694 silly mapToRegistry   rawSpec: '',
694 silly mapToRegistry   spec: 'latest',
694 silly mapToRegistry   type: 'tag' }
695 silly mapToRegistry uri https://registry.npm.taobao.org/on-finished
696 verbose addNameRange registry:https://registry.npm.taobao.org/on-finished not in flight; fetching
697 verbose get https://registry.npm.taobao.org/on-finished not expired, no request
698 silly addNameRange number 2 { name: 'on-finished', range: '>=2.3.0 <2.4.0', hasData: true }
699 silly addNameRange versions [ 'on-finished',
699 silly addNameRange   [ '2.3.0', '2.2.1', '2.2.0', '2.1.1', '2.1.0', '2.0.0' ] ]
700 silly addNamed on-finished@2.3.0
701 verbose addNamed "2.3.0" is a plain semver version for on-finished
702 silly cache afterAdd on-finished@2.3.0
703 verbose afterAdd G:\dev\nvm\npm-cache\on-finished\2.3.0\package\package.json not in flight; writing
704 verbose correctMkdir G:\dev\nvm\npm-cache correctMkdir not in flight; initializing
705 verbose afterAdd G:\dev\nvm\npm-cache\on-finished\2.3.0\package\package.json written
706 http 304 https://registry.npm.taobao.org/etag
707 verbose headers { date: 'Wed, 29 Nov 2017 11:10:25 GMT',
707 verbose headers   connection: 'keep-alive',
707 verbose headers   'x-current-requests': '1',
707 verbose headers   vary: 'Origin',
707 verbose headers   etag: '"6ad1-h/l4pkSELrYxxbZhU/vw5IqYJFU"',
707 verbose headers   'x-readtime': '120' }
708 silly get cb [ 304,
708 silly get   { date: 'Wed, 29 Nov 2017 11:10:25 GMT',
708 silly get     connection: 'keep-alive',
708 silly get     'x-current-requests': '1',
708 silly get     vary: 'Origin',
708 silly get     etag: '"6ad1-h/l4pkSELrYxxbZhU/vw5IqYJFU"',
708 silly get     'x-readtime': '120' } ]
709 verbose etag https://registry.npm.taobao.org/etag from cache
710 verbose get saving etag to G:\dev\nvm\npm-cache\registry.npm.taobao.org\etag\.cache.json
711 verbose correctMkdir G:\dev\nvm\npm-cache correctMkdir not in flight; initializing
712 silly resolveWithNewModule etag@1.8.1 checking installable status
713 silly cache add args [ 'etag@~1.8.0', null ]
714 verbose cache add spec etag@~1.8.0
715 silly cache add parsed spec Result {
715 silly cache add   raw: 'etag@~1.8.0',
715 silly cache add   scope: null,
715 silly cache add   escapedName: 'etag',
715 silly cache add   name: 'etag',
715 silly cache add   rawSpec: '~1.8.0',
715 silly cache add   spec: '>=1.8.0 <1.9.0',
715 silly cache add   type: 'range' }
716 silly addNamed etag@>=1.8.0 <1.9.0
717 verbose addNamed ">=1.8.0 <1.9.0" is a valid semver range for etag
718 silly addNameRange { name: 'etag', range: '>=1.8.0 <1.9.0', hasData: false }
719 silly mapToRegistry name etag
720 silly mapToRegistry using default registry
721 silly mapToRegistry registry https://registry.npm.taobao.org/
722 silly mapToRegistry data Result {
722 silly mapToRegistry   raw: 'etag',
722 silly mapToRegistry   scope: null,
722 silly mapToRegistry   escapedName: 'etag',
722 silly mapToRegistry   name: 'etag',
722 silly mapToRegistry   rawSpec: '',
722 silly mapToRegistry   spec: 'latest',
722 silly mapToRegistry   type: 'tag' }
723 silly mapToRegistry uri https://registry.npm.taobao.org/etag
724 verbose addNameRange registry:https://registry.npm.taobao.org/etag not in flight; fetching
725 verbose get https://registry.npm.taobao.org/etag not expired, no request
726 silly addNameRange number 2 { name: 'etag', range: '>=1.8.0 <1.9.0', hasData: true }
727 silly addNameRange versions [ 'etag',
727 silly addNameRange   [ '1.8.1',
727 silly addNameRange     '1.8.0',
727 silly addNameRange     '1.7.0',
727 silly addNameRange     '1.6.0',
727 silly addNameRange     '1.5.1',
727 silly addNameRange     '1.5.0',
727 silly addNameRange     '1.4.0',
727 silly addNameRange     '1.3.1',
727 silly addNameRange     '1.3.0',
727 silly addNameRange     '1.2.1',
727 silly addNameRange     '1.2.0',
727 silly addNameRange     '1.1.0',
727 silly addNameRange     '1.0.1',
727 silly addNameRange     '1.0.0' ] ]
728 silly addNamed etag@1.8.1
729 verbose addNamed "1.8.1" is a plain semver version for etag
730 silly cache afterAdd etag@1.8.1
731 verbose afterAdd G:\dev\nvm\npm-cache\etag\1.8.1\package\package.json not in flight; writing
732 verbose correctMkdir G:\dev\nvm\npm-cache correctMkdir not in flight; initializing
733 verbose afterAdd G:\dev\nvm\npm-cache\etag\1.8.1\package\package.json written
734 http 200 https://registry.npm.taobao.org/statuses
735 verbose headers { date: 'Wed, 29 Nov 2017 11:10:25 GMT',
735 verbose headers   'content-type': 'application/json; charset=utf-8',
735 verbose headers   'content-length': '23615',
735 verbose headers   connection: 'keep-alive',
735 verbose headers   'x-current-requests': '1',
735 verbose headers   etag: '"5c3f-IUbNOTR+TvSrLg51E3xgqfPnpbI"',
735 verbose headers   'x-readtime': '17' }
736 silly get cb [ 200,
736 silly get   { date: 'Wed, 29 Nov 2017 11:10:25 GMT',
736 silly get     'content-type': 'application/json; charset=utf-8',
736 silly get     'content-length': '23615',
736 silly get     connection: 'keep-alive',
736 silly get     'x-current-requests': '1',
736 silly get     etag: '"5c3f-IUbNOTR+TvSrLg51E3xgqfPnpbI"',
736 silly get     'x-readtime': '17' } ]
737 verbose get saving statuses to G:\dev\nvm\npm-cache\registry.npm.taobao.org\statuses\.cache.json
738 verbose correctMkdir G:\dev\nvm\npm-cache correctMkdir not in flight; initializing
739 silly resolveWithNewModule statuses@1.3.1 checking installable status
740 silly cache add args [ 'statuses@~1.3.1', null ]
741 verbose cache add spec statuses@~1.3.1
742 silly cache add parsed spec Result {
742 silly cache add   raw: 'statuses@~1.3.1',
742 silly cache add   scope: null,
742 silly cache add   escapedName: 'statuses',
742 silly cache add   name: 'statuses',
742 silly cache add   rawSpec: '~1.3.1',
742 silly cache add   spec: '>=1.3.1 <1.4.0',
742 silly cache add   type: 'range' }
743 silly addNamed statuses@>=1.3.1 <1.4.0
744 verbose addNamed ">=1.3.1 <1.4.0" is a valid semver range for statuses
745 silly addNameRange { name: 'statuses', range: '>=1.3.1 <1.4.0', hasData: false }
746 silly mapToRegistry name statuses
747 silly mapToRegistry using default registry
748 silly mapToRegistry registry https://registry.npm.taobao.org/
749 silly mapToRegistry data Result {
749 silly mapToRegistry   raw: 'statuses',
749 silly mapToRegistry   scope: null,
749 silly mapToRegistry   escapedName: 'statuses',
749 silly mapToRegistry   name: 'statuses',
749 silly mapToRegistry   rawSpec: '',
749 silly mapToRegistry   spec: 'latest',
749 silly mapToRegistry   type: 'tag' }
750 silly mapToRegistry uri https://registry.npm.taobao.org/statuses
751 verbose addNameRange registry:https://registry.npm.taobao.org/statuses not in flight; fetching
752 verbose get https://registry.npm.taobao.org/statuses not expired, no request
753 silly addNameRange number 2 { name: 'statuses', range: '>=1.3.1 <1.4.0', hasData: true }
754 silly addNameRange versions [ 'statuses',
754 silly addNameRange   [ '1.4.0',
754 silly addNameRange     '1.3.1',
754 silly addNameRange     '1.3.0',
754 silly addNameRange     '1.2.1',
754 silly addNameRange     '1.2.0',
754 silly addNameRange     '1.1.1',
754 silly addNameRange     '1.1.0',
754 silly addNameRange     '1.0.4',
754 silly addNameRange     '1.0.3',
754 silly addNameRange     '1.0.2',
754 silly addNameRange     '1.0.1' ] ]
755 silly addNamed statuses@1.3.1
756 verbose addNamed "1.3.1" is a plain semver version for statuses
757 silly cache afterAdd statuses@1.3.1
758 verbose afterAdd G:\dev\nvm\npm-cache\statuses\1.3.1\package\package.json not in flight; writing
759 verbose correctMkdir G:\dev\nvm\npm-cache correctMkdir not in flight; initializing
760 verbose afterAdd G:\dev\nvm\npm-cache\statuses\1.3.1\package\package.json written
761 http 304 https://registry.npm.taobao.org/cookie-signature
762 verbose headers { date: 'Wed, 29 Nov 2017 11:10:27 GMT',
762 verbose headers   connection: 'keep-alive',
762 verbose headers   'x-current-requests': '1',
762 verbose headers   vary: 'Origin',
762 verbose headers   etag: '"2990-k0NaFgeQ1pQ4SwagjiRcW+wWA0w"',
762 verbose headers   'x-readtime': '130' }
763 silly get cb [ 304,
763 silly get   { date: 'Wed, 29 Nov 2017 11:10:27 GMT',
763 silly get     connection: 'keep-alive',
763 silly get     'x-current-requests': '1',
763 silly get     vary: 'Origin',
763 silly get     etag: '"2990-k0NaFgeQ1pQ4SwagjiRcW+wWA0w"',
763 silly get     'x-readtime': '130' } ]
764 verbose etag https://registry.npm.taobao.org/cookie-signature from cache
765 verbose get saving cookie-signature to G:\dev\nvm\npm-cache\registry.npm.taobao.org\cookie-signature\.cache.json
766 verbose correctMkdir G:\dev\nvm\npm-cache correctMkdir not in flight; initializing
767 silly resolveWithNewModule cookie-signature@1.0.6 checking installable status
768 silly cache add args [ 'cookie-signature@1.0.6', null ]
769 verbose cache add spec cookie-signature@1.0.6
770 silly cache add parsed spec Result {
770 silly cache add   raw: 'cookie-signature@1.0.6',
770 silly cache add   scope: null,
770 silly cache add   escapedName: 'cookie-signature',
770 silly cache add   name: 'cookie-signature',
770 silly cache add   rawSpec: '1.0.6',
770 silly cache add   spec: '1.0.6',
770 silly cache add   type: 'version' }
771 silly addNamed cookie-signature@1.0.6
772 verbose addNamed "1.0.6" is a plain semver version for cookie-signature
773 silly mapToRegistry name cookie-signature
774 silly mapToRegistry using default registry
775 silly mapToRegistry registry https://registry.npm.taobao.org/
776 silly mapToRegistry data Result {
776 silly mapToRegistry   raw: 'cookie-signature',
776 silly mapToRegistry   scope: null,
776 silly mapToRegistry   escapedName: 'cookie-signature',
776 silly mapToRegistry   name: 'cookie-signature',
776 silly mapToRegistry   rawSpec: '',
776 silly mapToRegistry   spec: 'latest',
776 silly mapToRegistry   type: 'tag' }
777 silly mapToRegistry uri https://registry.npm.taobao.org/cookie-signature
778 verbose addNameVersion registry:https://registry.npm.taobao.org/cookie-signature not in flight; fetching
779 verbose get https://registry.npm.taobao.org/cookie-signature not expired, no request
780 silly cache afterAdd cookie-signature@1.0.6
781 verbose afterAdd G:\dev\nvm\npm-cache\cookie-signature\1.0.6\package\package.json not in flight; writing
782 verbose correctMkdir G:\dev\nvm\npm-cache correctMkdir not in flight; initializing
783 verbose afterAdd G:\dev\nvm\npm-cache\cookie-signature\1.0.6\package\package.json written
784 http 304 https://registry.npm.taobao.org/serve-static
785 verbose headers { date: 'Wed, 29 Nov 2017 11:10:27 GMT',
785 verbose headers   connection: 'keep-alive',
785 verbose headers   'x-current-requests': '1',
785 verbose headers   etag: '"17227-zSq9dEmVb8h3GCUZFsYmUuJjP54"',
785 verbose headers   'x-readtime': '22' }
786 silly get cb [ 304,
786 silly get   { date: 'Wed, 29 Nov 2017 11:10:27 GMT',
786 silly get     connection: 'keep-alive',
786 silly get     'x-current-requests': '1',
786 silly get     etag: '"17227-zSq9dEmVb8h3GCUZFsYmUuJjP54"',
786 silly get     'x-readtime': '22' } ]
787 verbose etag https://registry.npm.taobao.org/serve-static from cache
788 verbose get saving serve-static to G:\dev\nvm\npm-cache\registry.npm.taobao.org\serve-static\.cache.json
789 verbose correctMkdir G:\dev\nvm\npm-cache correctMkdir not in flight; initializing
790 silly resolveWithNewModule serve-static@1.12.6 checking installable status
791 silly cache add args [ 'serve-static@1.12.6', null ]
792 verbose cache add spec serve-static@1.12.6
793 silly cache add parsed spec Result {
793 silly cache add   raw: 'serve-static@1.12.6',
793 silly cache add   scope: null,
793 silly cache add   escapedName: 'serve-static',
793 silly cache add   name: 'serve-static',
793 silly cache add   rawSpec: '1.12.6',
793 silly cache add   spec: '1.12.6',
793 silly cache add   type: 'version' }
794 silly addNamed serve-static@1.12.6
795 verbose addNamed "1.12.6" is a plain semver version for serve-static
796 silly mapToRegistry name serve-static
797 silly mapToRegistry using default registry
798 silly mapToRegistry registry https://registry.npm.taobao.org/
799 silly mapToRegistry data Result {
799 silly mapToRegistry   raw: 'serve-static',
799 silly mapToRegistry   scope: null,
799 silly mapToRegistry   escapedName: 'serve-static',
799 silly mapToRegistry   name: 'serve-static',
799 silly mapToRegistry   rawSpec: '',
799 silly mapToRegistry   spec: 'latest',
799 silly mapToRegistry   type: 'tag' }
800 silly mapToRegistry uri https://registry.npm.taobao.org/serve-static
801 verbose addNameVersion registry:https://registry.npm.taobao.org/serve-static not in flight; fetching
802 verbose get https://registry.npm.taobao.org/serve-static not expired, no request
803 silly cache afterAdd serve-static@1.12.6
804 verbose afterAdd G:\dev\nvm\npm-cache\serve-static\1.12.6\package\package.json not in flight; writing
805 verbose correctMkdir G:\dev\nvm\npm-cache correctMkdir not in flight; initializing
806 verbose afterAdd G:\dev\nvm\npm-cache\serve-static\1.12.6\package\package.json written
807 http 304 https://registry.npm.taobao.org/type-is
808 verbose headers { date: 'Wed, 29 Nov 2017 11:10:30 GMT',
808 verbose headers   connection: 'keep-alive',
808 verbose headers   'x-current-requests': '1',
808 verbose headers   etag: '"e7cd-5xYXsXLMwbG5VrSImB4ImEiYylI"',
808 verbose headers   'x-readtime': '18' }
809 silly get cb [ 304,
809 silly get   { date: 'Wed, 29 Nov 2017 11:10:30 GMT',
809 silly get     connection: 'keep-alive',
809 silly get     'x-current-requests': '1',
809 silly get     etag: '"e7cd-5xYXsXLMwbG5VrSImB4ImEiYylI"',
809 silly get     'x-readtime': '18' } ]
810 verbose etag https://registry.npm.taobao.org/type-is from cache
811 verbose get saving type-is to G:\dev\nvm\npm-cache\registry.npm.taobao.org\type-is\.cache.json
812 verbose correctMkdir G:\dev\nvm\npm-cache correctMkdir not in flight; initializing
813 silly resolveWithNewModule type-is@1.6.15 checking installable status
814 silly cache add args [ 'type-is@~1.6.15', null ]
815 verbose cache add spec type-is@~1.6.15
816 silly cache add parsed spec Result {
816 silly cache add   raw: 'type-is@~1.6.15',
816 silly cache add   scope: null,
816 silly cache add   escapedName: 'type-is',
816 silly cache add   name: 'type-is',
816 silly cache add   rawSpec: '~1.6.15',
816 silly cache add   spec: '>=1.6.15 <1.7.0',
816 silly cache add   type: 'range' }
817 silly addNamed type-is@>=1.6.15 <1.7.0
818 verbose addNamed ">=1.6.15 <1.7.0" is a valid semver range for type-is
819 silly addNameRange { name: 'type-is', range: '>=1.6.15 <1.7.0', hasData: false }
820 silly mapToRegistry name type-is
821 silly mapToRegistry using default registry
822 silly mapToRegistry registry https://registry.npm.taobao.org/
823 silly mapToRegistry data Result {
823 silly mapToRegistry   raw: 'type-is',
823 silly mapToRegistry   scope: null,
823 silly mapToRegistry   escapedName: 'type-is',
823 silly mapToRegistry   name: 'type-is',
823 silly mapToRegistry   rawSpec: '',
823 silly mapToRegistry   spec: 'latest',
823 silly mapToRegistry   type: 'tag' }
824 silly mapToRegistry uri https://registry.npm.taobao.org/type-is
825 verbose addNameRange registry:https://registry.npm.taobao.org/type-is not in flight; fetching
826 verbose get https://registry.npm.taobao.org/type-is not expired, no request
827 silly addNameRange number 2 { name: 'type-is', range: '>=1.6.15 <1.7.0', hasData: true }
828 silly addNameRange versions [ 'type-is',
828 silly addNameRange   [ '1.6.15',
828 silly addNameRange     '1.6.14',
828 silly addNameRange     '1.6.13',
828 silly addNameRange     '1.6.12',
828 silly addNameRange     '1.6.11',
828 silly addNameRange     '1.6.10',
828 silly addNameRange     '1.6.9',
828 silly addNameRange     '1.6.8',
828 silly addNameRange     '1.6.7',
828 silly addNameRange     '1.6.6',
828 silly addNameRange     '1.6.5',
828 silly addNameRange     '1.6.4',
828 silly addNameRange     '1.6.3',
828 silly addNameRange     '1.6.2',
828 silly addNameRange     '1.6.1',
828 silly addNameRange     '1.6.0',
828 silly addNameRange     '1.5.7',
828 silly addNameRange     '1.5.6',
828 silly addNameRange     '1.5.5',
828 silly addNameRange     '1.5.4',
828 silly addNameRange     '1.5.3',
828 silly addNameRange     '1.5.2',
828 silly addNameRange     '1.5.1',
828 silly addNameRange     '1.5.0',
828 silly addNameRange     '1.4.0',
828 silly addNameRange     '1.3.2',
828 silly addNameRange     '1.3.1',
828 silly addNameRange     '1.3.0',
828 silly addNameRange     '1.2.2',
828 silly addNameRange     '1.2.1',
828 silly addNameRange     '1.2.0',
828 silly addNameRange     '1.1.0',
828 silly addNameRange     '1.0.1',
828 silly addNameRange     '1.0.0' ] ]
829 silly addNamed type-is@1.6.15
830 verbose addNamed "1.6.15" is a plain semver version for type-is
831 silly cache afterAdd type-is@1.6.15
832 verbose afterAdd G:\dev\nvm\npm-cache\type-is\1.6.15\package\package.json not in flight; writing
833 verbose correctMkdir G:\dev\nvm\npm-cache correctMkdir not in flight; initializing
834 verbose afterAdd G:\dev\nvm\npm-cache\type-is\1.6.15\package\package.json written
835 http 304 https://registry.npm.taobao.org/setprototypeof
836 verbose headers { date: 'Wed, 29 Nov 2017 11:10:30 GMT',
836 verbose headers   connection: 'keep-alive',
836 verbose headers   'x-current-requests': '1',
836 verbose headers   etag: '"1d44-WK9mOWWXTNQSfJDqu/e9ab0zCL4"',
836 verbose headers   'x-readtime': '14' }
837 silly get cb [ 304,
837 silly get   { date: 'Wed, 29 Nov 2017 11:10:30 GMT',
837 silly get     connection: 'keep-alive',
837 silly get     'x-current-requests': '1',
837 silly get     etag: '"1d44-WK9mOWWXTNQSfJDqu/e9ab0zCL4"',
837 silly get     'x-readtime': '14' } ]
838 verbose etag https://registry.npm.taobao.org/setprototypeof from cache
839 verbose get saving setprototypeof to G:\dev\nvm\npm-cache\registry.npm.taobao.org\setprototypeof\.cache.json
840 verbose correctMkdir G:\dev\nvm\npm-cache correctMkdir not in flight; initializing
841 silly resolveWithNewModule setprototypeof@1.0.3 checking installable status
842 silly cache add args [ 'setprototypeof@1.0.3', null ]
843 verbose cache add spec setprototypeof@1.0.3
844 silly cache add parsed spec Result {
844 silly cache add   raw: 'setprototypeof@1.0.3',
844 silly cache add   scope: null,
844 silly cache add   escapedName: 'setprototypeof',
844 silly cache add   name: 'setprototypeof',
844 silly cache add   rawSpec: '1.0.3',
844 silly cache add   spec: '1.0.3',
844 silly cache add   type: 'version' }
845 silly addNamed setprototypeof@1.0.3
846 verbose addNamed "1.0.3" is a plain semver version for setprototypeof
847 silly mapToRegistry name setprototypeof
848 silly mapToRegistry using default registry
849 silly mapToRegistry registry https://registry.npm.taobao.org/
850 silly mapToRegistry data Result {
850 silly mapToRegistry   raw: 'setprototypeof',
850 silly mapToRegistry   scope: null,
850 silly mapToRegistry   escapedName: 'setprototypeof',
850 silly mapToRegistry   name: 'setprototypeof',
850 silly mapToRegistry   rawSpec: '',
850 silly mapToRegistry   spec: 'latest',
850 silly mapToRegistry   type: 'tag' }
851 silly mapToRegistry uri https://registry.npm.taobao.org/setprototypeof
852 verbose addNameVersion registry:https://registry.npm.taobao.org/setprototypeof not in flight; fetching
853 verbose get https://registry.npm.taobao.org/setprototypeof not expired, no request
854 silly cache afterAdd setprototypeof@1.0.3
855 verbose afterAdd G:\dev\nvm\npm-cache\setprototypeof\1.0.3\package\package.json not in flight; writing
856 verbose correctMkdir G:\dev\nvm\npm-cache correctMkdir not in flight; initializing
857 verbose afterAdd G:\dev\nvm\npm-cache\setprototypeof\1.0.3\package\package.json written
858 http 304 https://registry.npm.taobao.org/vary
859 verbose headers { date: 'Wed, 29 Nov 2017 11:10:24 GMT',
859 verbose headers   connection: 'keep-alive',
859 verbose headers   'x-current-requests': '1',
859 verbose headers   vary: 'Origin',
859 verbose headers   etag: '"36f7-SxFUd6MiH1iPVe13YpTOXQWlRxo"',
859 verbose headers   'x-readtime': '114' }
860 silly get cb [ 304,
860 silly get   { date: 'Wed, 29 Nov 2017 11:10:24 GMT',
860 silly get     connection: 'keep-alive',
860 silly get     'x-current-requests': '1',
860 silly get     vary: 'Origin',
860 silly get     etag: '"36f7-SxFUd6MiH1iPVe13YpTOXQWlRxo"',
860 silly get     'x-readtime': '114' } ]
861 verbose etag https://registry.npm.taobao.org/vary from cache
862 verbose get saving vary to G:\dev\nvm\npm-cache\registry.npm.taobao.org\vary\.cache.json
863 verbose correctMkdir G:\dev\nvm\npm-cache correctMkdir not in flight; initializing
864 silly resolveWithNewModule vary@1.1.2 checking installable status
865 silly cache add args [ 'vary@~1.1.1', null ]
866 verbose cache add spec vary@~1.1.1
867 silly cache add parsed spec Result {
867 silly cache add   raw: 'vary@~1.1.1',
867 silly cache add   scope: null,
867 silly cache add   escapedName: 'vary',
867 silly cache add   name: 'vary',
867 silly cache add   rawSpec: '~1.1.1',
867 silly cache add   spec: '>=1.1.1 <1.2.0',
867 silly cache add   type: 'range' }
868 silly addNamed vary@>=1.1.1 <1.2.0
869 verbose addNamed ">=1.1.1 <1.2.0" is a valid semver range for vary
870 silly addNameRange { name: 'vary', range: '>=1.1.1 <1.2.0', hasData: false }
871 silly mapToRegistry name vary
872 silly mapToRegistry using default registry
873 silly mapToRegistry registry https://registry.npm.taobao.org/
874 silly mapToRegistry data Result {
874 silly mapToRegistry   raw: 'vary',
874 silly mapToRegistry   scope: null,
874 silly mapToRegistry   escapedName: 'vary',
874 silly mapToRegistry   name: 'vary',
874 silly mapToRegistry   rawSpec: '',
874 silly mapToRegistry   spec: 'latest',
874 silly mapToRegistry   type: 'tag' }
875 silly mapToRegistry uri https://registry.npm.taobao.org/vary
876 verbose addNameRange registry:https://registry.npm.taobao.org/vary not in flight; fetching
877 verbose get https://registry.npm.taobao.org/vary not expired, no request
878 silly addNameRange number 2 { name: 'vary', range: '>=1.1.1 <1.2.0', hasData: true }
879 silly addNameRange versions [ 'vary',
879 silly addNameRange   [ '1.1.2', '1.1.1', '1.1.0', '1.0.1', '1.0.0', '0.1.0', '0.0.0' ] ]
880 silly addNamed vary@1.1.2
881 verbose addNamed "1.1.2" is a plain semver version for vary
882 silly cache afterAdd vary@1.1.2
883 verbose afterAdd G:\dev\nvm\npm-cache\vary\1.1.2\package\package.json not in flight; writing
884 verbose correctMkdir G:\dev\nvm\npm-cache correctMkdir not in flight; initializing
885 verbose afterAdd G:\dev\nvm\npm-cache\vary\1.1.2\package\package.json written
886 http 304 https://registry.npm.taobao.org/proxy-addr
887 verbose headers { date: 'Wed, 29 Nov 2017 11:10:31 GMT',
887 verbose headers   connection: 'keep-alive',
887 verbose headers   'x-current-requests': '1',
887 verbose headers   etag: '"a0f7-bXCuiC5QL0qaSROqCj6ZIw0xp4k"',
887 verbose headers   'x-readtime': '15' }
888 silly get cb [ 304,
888 silly get   { date: 'Wed, 29 Nov 2017 11:10:31 GMT',
888 silly get     connection: 'keep-alive',
888 silly get     'x-current-requests': '1',
888 silly get     etag: '"a0f7-bXCuiC5QL0qaSROqCj6ZIw0xp4k"',
888 silly get     'x-readtime': '15' } ]
889 verbose etag https://registry.npm.taobao.org/proxy-addr from cache
890 verbose get saving proxy-addr to G:\dev\nvm\npm-cache\registry.npm.taobao.org\proxy-addr\.cache.json
891 verbose correctMkdir G:\dev\nvm\npm-cache correctMkdir not in flight; initializing
892 silly resolveWithNewModule proxy-addr@1.1.5 checking installable status
893 silly cache add args [ 'proxy-addr@~1.1.5', null ]
894 verbose cache add spec proxy-addr@~1.1.5
895 silly cache add parsed spec Result {
895 silly cache add   raw: 'proxy-addr@~1.1.5',
895 silly cache add   scope: null,
895 silly cache add   escapedName: 'proxy-addr',
895 silly cache add   name: 'proxy-addr',
895 silly cache add   rawSpec: '~1.1.5',
895 silly cache add   spec: '>=1.1.5 <1.2.0',
895 silly cache add   type: 'range' }
896 silly addNamed proxy-addr@>=1.1.5 <1.2.0
897 verbose addNamed ">=1.1.5 <1.2.0" is a valid semver range for proxy-addr
898 silly addNameRange { name: 'proxy-addr', range: '>=1.1.5 <1.2.0', hasData: false }
899 silly mapToRegistry name proxy-addr
900 silly mapToRegistry using default registry
901 silly mapToRegistry registry https://registry.npm.taobao.org/
902 silly mapToRegistry data Result {
902 silly mapToRegistry   raw: 'proxy-addr',
902 silly mapToRegistry   scope: null,
902 silly mapToRegistry   escapedName: 'proxy-addr',
902 silly mapToRegistry   name: 'proxy-addr',
902 silly mapToRegistry   rawSpec: '',
902 silly mapToRegistry   spec: 'latest',
902 silly mapToRegistry   type: 'tag' }
903 silly mapToRegistry uri https://registry.npm.taobao.org/proxy-addr
904 verbose addNameRange registry:https://registry.npm.taobao.org/proxy-addr not in flight; fetching
905 verbose get https://registry.npm.taobao.org/proxy-addr not expired, no request
906 silly addNameRange number 2 { name: 'proxy-addr', range: '>=1.1.5 <1.2.0', hasData: true }
907 silly addNameRange versions [ 'proxy-addr',
907 silly addNameRange   [ '2.0.2',
907 silly addNameRange     '2.0.1',
907 silly addNameRange     '2.0.0',
907 silly addNameRange     '1.1.5',
907 silly addNameRange     '1.1.4',
907 silly addNameRange     '1.1.3',
907 silly addNameRange     '1.1.2',
907 silly addNameRange     '1.1.1',
907 silly addNameRange     '1.1.0',
907 silly addNameRange     '1.0.10',
907 silly addNameRange     '1.0.9',
907 silly addNameRange     '1.0.8',
907 silly addNameRange     '1.0.7',
907 silly addNameRange     '1.0.6',
907 silly addNameRange     '1.0.5',
907 silly addNameRange     '1.0.4',
907 silly addNameRange     '1.0.3',
907 silly addNameRange     '1.0.2',
907 silly addNameRange     '1.0.1',
907 silly addNameRange     '1.0.0',
907 silly addNameRange     '0.0.1',
907 silly addNameRange     '0.0.0' ] ]
908 silly addNamed proxy-addr@1.1.5
909 verbose addNamed "1.1.5" is a plain semver version for proxy-addr
910 silly cache afterAdd proxy-addr@1.1.5
911 verbose afterAdd G:\dev\nvm\npm-cache\proxy-addr\1.1.5\package\package.json not in flight; writing
912 verbose correctMkdir G:\dev\nvm\npm-cache correctMkdir not in flight; initializing
913 verbose afterAdd G:\dev\nvm\npm-cache\proxy-addr\1.1.5\package\package.json written
914 verbose stack Error: kill ENOSYS
914 verbose stack     at Object._errnoException (util.js:1026:11)
914 verbose stack     at process.kill (internal/process.js:188:18)
914 verbose stack     at process.listener (G:\dev\nvm\npm\node_modules\npm\node_modules\npmlog\node_modules\gauge\node_modules\signal-exit\index.js:86:15)
914 verbose stack     at emitNone (events.js:105:13)
914 verbose stack     at process.emit (events.js:207:7)
914 verbose stack     at processEmit (G:\dev\nvm\npm\node_modules\npm\node_modules\npmlog\node_modules\gauge\node_modules\signal-exit\index.js:146:32)
914 verbose stack     at Signal.wrap.onsignal (internal/process.js:213:44)
915 verbose cwd C:\Users\taylo_000\Desktop\node-practice\Lee\express\message
916 error Windows_NT 10.0.16299
917 error argv "G:\\dev\\nodejs\\node.exe" "G:\\dev\\nvm\\npm\\node_modules\\npm\\bin\\npm-cli.js" "install" "express"
918 error node v8.5.0
919 error npm  v3.10.7
920 error code ENOSYS
921 error errno ENOSYS
922 error syscall kill
923 error kill ENOSYS
924 error If you need help, you may report this error at:
924 error     <https://github.com/npm/npm/issues>
925 verbose exit [ 1, true ]
