0 info it worked if it ends with ok
1 verbose cli [ 'G:\\dev\\nodejs\\node.exe',
1 verbose cli   'G:\\dev\\nvm\\npm\\node_modules\\npm\\bin\\npm-cli.js',
1 verbose cli   'start',
1 verbose cli   'app.js' ]
2 info using npm@3.10.7
3 info using node@v8.5.0
4 verbose run-script [ 'prestart', 'start', 'poststart' ]
5 info lifecycle album@0.0.0~prestart: album@0.0.0
6 silly lifecycle album@0.0.0~prestart: no script for prestart, continuing
7 info lifecycle album@0.0.0~start: album@0.0.0
8 verbose lifecycle album@0.0.0~start: unsafe-perm in lifecycle true
9 verbose lifecycle album@0.0.0~start: PATH: G:\dev\nvm\npm\node_modules\npm\bin\node-gyp-bin;C:\Users\taylo_000\Desktop\node-practice\Lee\express\album\node_modules\.bin;C:\ProgramData\Oracle\Java\javapath;C:\Program Files\Java\jdk1.8.0_101\bin;C:\Program Files\Java\jdk1.8.0_101\jre\bin;C:\Program Files (x86)\GtkSharp\2.12\bin;G:\Python27;C:\WINDOWS\System32;C:\WINDOWS;C:\WINDOWS\System32\wbem;C:\WINDOWS\System32\wbem;C:\WINDOWS\System32\WindowsPowerShell\v1.0\;C:\Program Files\Lenovo\Bluetooth Software\;C:\Program Files\Lenovo\Bluetooth Software\syswow64;C:\Program Files\TortoiseGit\bin;C:\Program Files (x86)\WinSCP\;C:\Program Files (x86)\Microsoft SQL Server\100\Tools\Binn\;C:\Program Files\Microsoft SQL Server\100\Tools\Binn\;C:\Program Files\Microsoft SQL Server\100\DTS\Binn\;C:\Program Files (x86)\Microsoft SQL Server\100\Tools\Binn\VSShell\Common7\IDE\;C:\Program Files (x86)\Microsoft SQL Server\100\DTS\Binn\;C:\Program Files (x86)\Microsoft Visual Studio 9.0\Common7\IDE\PrivateAssemblies\;C:\Program Files (x86)\Common Files\Autodesk Shared\;C:\Program Files\MySQL\MySQL Utilities 1.6\;G:\git\cmd;G:\Ruby23\bin;G:\git\bin;G:\dev\nvm\npm;G:\dev\nvm;G:\dev\nodejs;G:\Program Files (x86)\Microsoft VS Code\bin;D:\DevTool\repository\Maven\Maven3.2.2\bin;G:\DevTool\apache-ant-1.9.7bin;G:\dev\MongoDB\bin;G:\DevTool\mysql-5.7.17\bin;G:\DevTool\nexus-3.2.0-01bin;% ZOOKEEPER_HOME %/bin; % ZOOKEEPER_HOME %/conf;G:\DevTool\sdk-tools-windows-3859397\tools\bin;C:\Users\taylo_000\AppData\Local\Microsoft\WindowsApps;
10 verbose lifecycle album@0.0.0~start: CWD: C:\Users\taylo_000\Desktop\node-practice\Lee\express\album
11 silly lifecycle album@0.0.0~start: Args: [ '/d /s /c', 'node ./bin/www "app.js"' ]
12 silly lifecycle album@0.0.0~start: Returned: code: 1  signal: null
13 info lifecycle album@0.0.0~start: Failed to exec start script
14 verbose stack Error: album@0.0.0 start: `node ./bin/www "app.js"`
14 verbose stack Exit status 1
14 verbose stack     at EventEmitter.<anonymous> (G:\dev\nvm\npm\node_modules\npm\lib\utils\lifecycle.js:255:16)
14 verbose stack     at emitTwo (events.js:125:13)
14 verbose stack     at EventEmitter.emit (events.js:213:7)
14 verbose stack     at ChildProcess.<anonymous> (G:\dev\nvm\npm\node_modules\npm\lib\utils\spawn.js:40:14)
14 verbose stack     at emitTwo (events.js:125:13)
14 verbose stack     at ChildProcess.emit (events.js:213:7)
14 verbose stack     at maybeClose (internal/child_process.js:927:16)
14 verbose stack     at Process.ChildProcess._handle.onexit (internal/child_process.js:211:5)
15 verbose pkgid album@0.0.0
16 verbose cwd C:\Users\taylo_000\Desktop\node-practice\Lee\express\album
17 error Windows_NT 10.0.16299
18 error argv "G:\\dev\\nodejs\\node.exe" "G:\\dev\\nvm\\npm\\node_modules\\npm\\bin\\npm-cli.js" "start" "app.js"
19 error node v8.5.0
20 error npm  v3.10.7
21 error code ELIFECYCLE
22 error album@0.0.0 start: `node ./bin/www "app.js"`
22 error Exit status 1
23 error Failed at the album@0.0.0 start script 'node ./bin/www "app.js"'.
23 error Make sure you have the latest version of node.js and npm installed.
23 error If you do, this is most likely a problem with the album package,
23 error not with npm itself.
23 error Tell the author that this fails on your system:
23 error     node ./bin/www "app.js"
23 error You can get information on how to open an issue for this project with:
23 error     npm bugs album
23 error Or if that isn't available, you can get their info via:
23 error     npm owner ls album
23 error There is likely additional logging output above.
24 verbose exit [ 1, true ]
